#
# A fatal error has been detected by the Java Runtime Environment:
#
#  EXCEPTION_ACCESS_VIOLATION (0xc0000005) at pc=0x0000000056c395d2, pid=28160, tid=4408
#
# JRE version: Java(TM) SE Runtime Environment (10.0.2+13) (build 10.0.2+13)
# Java VM: Java HotSpot(TM) 64-Bit Server VM (10.0.2+13, mixed mode, tiered, compressed oops, g1 gc, windows-amd64)
# Problematic frame:
# V  [jvm.dll+0x5f95d2]
#
# No core dump will be written. Minidumps are not enabled by default on client versions of Windows
#
# If you would like to submit a bug report, please visit:
#   http://bugreport.java.com/bugreport/crash.jsp
#

---------------  S U M M A R Y ------------

Command Line: -agentlib:jdwp=transport=dt_socket,suspend=y,address=localhost:59694 -javaagent:C:\Users\Duy Linh Nguyen\eclipse\java-photon\eclipse\configuration\org.eclipse.osgi\237\0\.cp\lib\javaagent-shaded.jar -Dfile.encoding=Cp1252 client.MyTestClient

Host: Intel(R) Core(TM) i5-8250U CPU @ 1.60GHz, 8 cores, 7G,  Windows 10 , 64 bit Build 17134 (10.0.17134.1)
Time: Sun Aug 26 16:45:25 2018 AUS Eastern Standard Time elapsed time: 19577 seconds (0d 5h 26m 17s)

---------------  T H R E A D  ---------------

Current thread (0x000001897f406000):  JavaThread "main" [_thread_in_vm, id=4408, stack(0x0000004626200000,0x0000004626300000)]

Stack: [0x0000004626200000,0x0000004626300000],  sp=0x00000046262fc750,  free space=1009k
Native frames: (J=compiled Java code, j=interpreted, Vv=VM code, C=native code)
V  [jvm.dll+0x5f95d2]
V  [jvm.dll+0x372ffb]
V  [jvm.dll+0x4a7b36]
V  [jvm.dll+0x4a2dd5]
V  [jvm.dll+0x375b79]
V  [jvm.dll+0x627eb8]
V  [jvm.dll+0x6282cf]
V  [jvm.dll+0x627de7]
V  [jvm.dll+0x3e8dcf]
C  0x00000189076e5f16

Java frames: (J=compiled Java code, j=interpreted, Vv=VM code)
j  java.lang.StackStreamFactory$AbstractStackWalker.fetchStackFrames(JJII[Ljava/lang/Object;)I+0 java.base@10.0.2
j  java.lang.StackStreamFactory$AbstractStackWalker.fetchStackFrames(I)I+35 java.base@10.0.2
j  java.lang.StackStreamFactory$AbstractStackWalker.getNextBatch()I+61 java.base@10.0.2
j  java.lang.StackStreamFactory$AbstractStackWalker.peekFrame()Ljava/lang/Class;+32 java.base@10.0.2
j  java.lang.StackStreamFactory$AbstractStackWalker.hasNext()Z+1 java.base@10.0.2
j  java.lang.StackStreamFactory$StackFrameTraverser.tryAdvance(Ljava/util/function/Consumer;)Z+16 java.base@10.0.2
j  java.util.stream.ReferencePipeline.forEachWithCancel(Ljava/util/Spliterator;Ljava/util/stream/Sink;)Z+13 java.base@10.0.2
j  java.util.stream.AbstractPipeline.copyIntoWithCancel(Ljava/util/stream/Sink;Ljava/util/Spliterator;)Z+32 java.base@10.0.2
j  java.util.stream.AbstractPipeline.copyInto(Ljava/util/stream/Sink;Ljava/util/Spliterator;)V+49 java.base@10.0.2
j  java.util.stream.AbstractPipeline.wrapAndCopyInto(Ljava/util/stream/Sink;Ljava/util/Spliterator;)Ljava/util/stream/Sink;+13 java.base@10.0.2
j  java.util.stream.FindOps$FindOp.evaluateSequential(Ljava/util/stream/PipelineHelper;Ljava/util/Spliterator;)Ljava/lang/Object;+14 java.base@10.0.2
j  java.util.stream.AbstractPipeline.evaluate(Ljava/util/stream/TerminalOp;)Ljava/lang/Object;+88 java.base@10.0.2
j  java.util.stream.ReferencePipeline.findFirst()Ljava/util/Optional;+5 java.base@10.0.2
j  java.util.logging.LogRecord$CallerFinder.lambda$get$1(Ljava/util/stream/Stream;)Ljava/util/Optional;+7 java.logging@10.0.2
j  java.util.logging.LogRecord$CallerFinder$$Lambda$23.apply(Ljava/lang/Object;)Ljava/lang/Object;+8 java.logging@10.0.2
j  java.lang.StackStreamFactory$StackFrameTraverser.consumeFrames()Ljava/lang/Object;+25 java.base@10.0.2
j  java.lang.StackStreamFactory$AbstractStackWalker.doStackWalk(JIIII)Ljava/lang/Object;+78 java.base@10.0.2
v  ~StubRoutines::call_stub
j  java.lang.StackStreamFactory$AbstractStackWalker.callStackWalk(JIII[Ljava/lang/Object;)Ljava/lang/Object;+0 java.base@10.0.2
j  java.lang.StackStreamFactory$AbstractStackWalker.beginStackWalk()Ljava/lang/Object;+31 java.base@10.0.2
j  java.lang.StackStreamFactory$AbstractStackWalker.walk()Ljava/lang/Object;+8 java.base@10.0.2
j  java.lang.StackWalker.walk(Ljava/util/function/Function;)Ljava/lang/Object;+10 java.base@10.0.2
j  java.util.logging.LogRecord$CallerFinder.get()Ljava/util/Optional;+9 java.logging@10.0.2
j  java.util.logging.LogRecord.inferCaller()V+12 java.logging@10.0.2
j  java.util.logging.LogRecord.getSourceClassName()Ljava/lang/String;+8 java.logging@10.0.2
j  java.util.logging.SimpleFormatter.format(Ljava/util/logging/LogRecord;)Ljava/lang/String;+12 java.logging@10.0.2
j  java.util.logging.StreamHandler.publish(Ljava/util/logging/LogRecord;)V+14 java.logging@10.0.2
j  java.util.logging.ConsoleHandler.publish(Ljava/util/logging/LogRecord;)V+2 java.logging@10.0.2
j  java.util.logging.Logger.log(Ljava/util/logging/LogRecord;)V+90 java.logging@10.0.2
j  java.util.logging.Logger.doLog(Ljava/util/logging/LogRecord;)V+46 java.logging@10.0.2
j  java.util.logging.Logger.log(Ljava/util/logging/Level;Ljava/lang/String;)V+21 java.logging@10.0.2
j  view.GameEngineCallbackImpl.nextCard(Lmodel/interfaces/Player;Lmodel/interfaces/PlayingCard;Lmodel/interfaces/GameEngine;)V+46
j  model.GameEngineImpl.dealPlayer(Lmodel/interfaces/Player;I)V+68
j  client.MyTestClient.main([Ljava/lang/String;)V+104
v  ~StubRoutines::call_stub

siginfo: EXCEPTION_ACCESS_VIOLATION (0xc0000005), reading address 0x0000000000000008


Register to memory mapping:

RIP=0x0000000056c395d2 jvm.dll
RAX=0x0000000000000010 is an unknown value
RBX=0x000001897f403c60 is an unknown value
RCX=0x000000008893dd40 is an oop
java.lang.invoke.ResolvedMethodName 
{0x000000008893dd40} - klass: 'java/lang/invoke/ResolvedMethodName'
RDX=0x0000000000000010 is an unknown value
RSP=0x00000046262fc750 is pointing into the stack for thread: 0x000001897f406000
RBP=0x000001897f406000 is a thread
RSI=0x0000000000000000 is an unknown value
RDI=0x0000000000000000 is an unknown value
R8 =0x0000000000000000 is an unknown value
R9 ={method} {0x000001891ff22680} 'printCards' '(Ljava/util/Deque;)V' in 'client/MyTestClient'
R10=0x0000000000000004 is an unknown value
R11=0x0000000000000004 is an unknown value
R12=0x000001897f406000 is a thread
R13=0x00000001000b1678 is pointing into metadata
R14=0x00000046262fc870 is pointing into the stack for thread: 0x000001897f406000
R15=0x0000000000000000 is an unknown value


Registers:
RAX=0x0000000000000010, RBX=0x000001897f403c60, RCX=0x000000008893dd40, RDX=0x0000000000000010
RSP=0x00000046262fc750, RBP=0x000001897f406000, RSI=0x0000000000000000, RDI=0x0000000000000000
R8 =0x0000000000000000, R9 =0x000001891ff22678, R10=0x0000000000000004, R11=0x0000000000000004
R12=0x000001897f406000, R13=0x00000001000b1678, R14=0x00000046262fc870, R15=0x0000000000000000
RIP=0x0000000056c395d2, EFLAGS=0x0000000000010206

Top of Stack: (sp=0x00000046262fc750)
0x00000046262fc750:   000001897f403c60 00000046262fc7d0
0x00000046262fc760:   000001897f406000 0000000000000000
0x00000046262fc770:   000000008893dd40 00000000569b2ffb
0x00000046262fc780:   000001891e139388 000001897f406000
0x00000046262fc790:   00000046262fc7d0 0000000000000000
0x00000046262fc7a0:   000001897f3f47e0 0000000056ae7b36
0x00000046262fc7b0:   0000000000000000 000001891dc24b20
0x00000046262fc7c0:   00000000126f0000 00000000ffffffff
0x00000046262fc7d0:   000001891dc24b20 000001897f406000
0x00000046262fc7e0:   000001897d301878 0000000056ae2dd5
0x00000046262fc7f0:   00000046262fc870 00000001000b1678
0x00000046262fc800:   000001891dc24b20 00000000fffffffe
0x00000046262fc810:   000001891dc24b20 000001897f406000
0x00000046262fc820:   0000000000000000 00000046262fc970
0x00000046262fc830:   0000000000000005 000001897f406000
0x00000046262fc840:   0000000000000000 00000000569b5b79 

Instructions: (pc=0x0000000056c395d2)
0x0000000056c395b2:   e8 69 d8 d5 ff 48 8b cf 48 8b f0 48 8b 44 24 30
0x0000000056c395c2:   48 85 c0 74 03 48 8b 08 48 8b d6 e8 3e cb d7 ff
0x0000000056c395d2:   48 8b 46 08 48 8b 48 08 48 8b 41 18 b9 00 80 00
0x0000000056c395e2:   00 66 09 88 1a 01 00 00 48 8b 44 24 30 48 85 c0 



---------------  P R O C E S S  ---------------

Threads class SMR info:
_java_thread_list=0x000001891e4a29b0, length=15, elements={
0x000001897f406000, 0x000001891d540800, 0x000001891d549800, 0x000001891de50800,
0x000001891de59000, 0x000001891de6a000, 0x000001891d557000, 0x000001891d55b800,
0x000001891d55c000, 0x000001891dea0800, 0x000001891e4b6800, 0x000001891e441000,
0x000001891e1e0000, 0x000001891e0fd800, 0x000001891e4a4000
}

Java Threads: ( => current thread )
=>0x000001897f406000 JavaThread "main" [_thread_in_vm, id=4408, stack(0x0000004626200000,0x0000004626300000)]
  0x000001891d540800 JavaThread "Reference Handler" daemon [_thread_blocked, id=10040, stack(0x0000004627800000,0x0000004627900000)]
  0x000001891d549800 JavaThread "Finalizer" daemon [_thread_blocked, id=28708, stack(0x0000004627900000,0x0000004627a00000)]
  0x000001891de50800 JavaThread "Signal Dispatcher" daemon [_thread_blocked, id=22784, stack(0x0000004627a00000,0x0000004627b00000)]
  0x000001891de59000 JavaThread "Attach Listener" daemon [_thread_blocked, id=28396, stack(0x0000004627b00000,0x0000004627c00000)]
  0x000001891de6a000 JavaThread "C2 CompilerThread0" daemon [_thread_blocked, id=21420, stack(0x0000004627c00000,0x0000004627d00000)]
  0x000001891d557000 JavaThread "C2 CompilerThread1" daemon [_thread_blocked, id=26704, stack(0x0000004627d00000,0x0000004627e00000)]
  0x000001891d55b800 JavaThread "C2 CompilerThread2" daemon [_thread_blocked, id=29260, stack(0x0000004627e00000,0x0000004627f00000)]
  0x000001891d55c000 JavaThread "C1 CompilerThread3" daemon [_thread_blocked, id=25808, stack(0x0000004627f00000,0x0000004628000000)]
  0x000001891dea0800 JavaThread "Sweeper thread" daemon [_thread_blocked, id=6964, stack(0x0000004628000000,0x0000004628100000)]
  0x000001891e4b6800 JavaThread "JDWP Transport Listener: dt_socket" daemon [_thread_blocked, id=19500, stack(0x0000004628100000,0x0000004628200000)]
  0x000001891e441000 JavaThread "JDWP Event Helper Thread" daemon [_thread_blocked, id=28352, stack(0x0000004628200000,0x0000004628300000)]
  0x000001891e1e0000 JavaThread "JDWP Command Reader" daemon [_thread_in_native, id=27488, stack(0x0000004628300000,0x0000004628400000)]
  0x000001891e0fd800 JavaThread "Common-Cleaner" daemon [_thread_blocked, id=29396, stack(0x0000004628400000,0x0000004628500000)]
  0x000001891e4a4000 JavaThread "Service Thread" daemon [_thread_blocked, id=4460, stack(0x0000004628500000,0x0000004628600000)]

Other Threads:
  0x000001891d53a000 VMThread "VM Thread" [stack: 0x0000004627700000,0x0000004627800000] [id=28328]
  0x000001891e427000 WatcherThread [stack: 0x0000004628600000,0x0000004628700000] [id=27192]
  0x000001897f420800 GCTaskThread "GC Thread#0" [stack: 0x0000004626300000,0x0000004626400000] [id=25652]
  0x000001897f422000 GCTaskThread "GC Thread#1" [stack: 0x0000004626400000,0x0000004626500000] [id=17132]
  0x000001897f425000 GCTaskThread "GC Thread#2" [stack: 0x0000004626500000,0x0000004626600000] [id=19760]
  0x000001897f428000 GCTaskThread "GC Thread#3" [stack: 0x0000004626600000,0x0000004626700000] [id=15692]
  0x000001897f42a800 GCTaskThread "GC Thread#4" [stack: 0x0000004626700000,0x0000004626800000] [id=20076]
  0x000001897f42f000 GCTaskThread "GC Thread#5" [stack: 0x0000004626800000,0x0000004626900000] [id=15420]
  0x000001897f434000 GCTaskThread "GC Thread#6" [stack: 0x0000004626900000,0x0000004626a00000] [id=26320]
  0x000001897f435800 GCTaskThread "GC Thread#7" [stack: 0x0000004626a00000,0x0000004626b00000] [id=2752]
  0x000001897f4a2000 ConcurrentGCThread "G1 Main Marker" [stack: 0x0000004626b00000,0x0000004626c00000] [id=28128]
  0x000001897f4a3000 ConcurrentGCThread "G1 Conc#0" [stack: 0x0000004626c00000,0x0000004626d00000] [id=28132]
  0x000001897f4a9800 ConcurrentGCThread "G1 Conc#1" [stack: 0x0000004626d00000,0x0000004626e00000] [id=16868]
  0x000001891d3b8800 ConcurrentGCThread "G1 Refine#0" [stack: 0x0000004626e00000,0x0000004626f00000] [id=13180]
  0x000001891d3bb800 ConcurrentGCThread "G1 Refine#1" [stack: 0x0000004626f00000,0x0000004627000000] [id=28456]
  0x000001891d3bc000 ConcurrentGCThread "G1 Refine#2" [stack: 0x0000004627000000,0x0000004627100000] [id=24392]
  0x000001891d3bc800 ConcurrentGCThread "G1 Refine#3" [stack: 0x0000004627100000,0x0000004627200000] [id=12504]
  0x000001891d3bf800 ConcurrentGCThread "G1 Refine#4" [stack: 0x0000004627200000,0x0000004627300000] [id=18104]
  0x000001891d3c2000 ConcurrentGCThread "G1 Refine#5" [stack: 0x0000004627300000,0x0000004627400000] [id=11652]
  0x000001891d3c3000 ConcurrentGCThread "G1 Refine#6" [stack: 0x0000004627400000,0x0000004627500000] [id=29428]
  0x000001891d3cc800 ConcurrentGCThread "G1 Refine#7" [stack: 0x0000004627500000,0x0000004627600000] [id=28688]
  0x000001891d3d3800 ConcurrentGCThread "G1 Young RemSet Sampling" [stack: 0x0000004627600000,0x0000004627700000] [id=28272]

Threads with active compile tasks:

VM state:synchronizing (normal execution)

VM Mutex/Monitor currently owned by a thread:  ([mutex/lock_event])
[0x000001897f403a20] Threads_lock - owner thread: 0x000001891d53a000
[0x000001897f403c60] ResolvedMethodTable_lock - owner thread: 0x000001897f406000

Heap address: 0x0000000081800000, size: 2024 MB, Compressed Oops mode: 32-bit
Narrow klass base: 0x0000000000000000, Narrow klass shift: 3
Compressed class space size: 1073741824 Address: 0x0000000100000000

Heap:
 garbage-first heap   total 131072K, used 14336K [0x0000000081800000, 0x0000000100000000)
  region size 1024K, 15 young (15360K), 0 survivors (0K)
 Metaspace       used 10430K, capacity 10622K, committed 10880K, reserved 1058816K
  class space    used 977K, capacity 1031K, committed 1152K, reserved 1048576K
Heap Regions: E=young(eden), S=young(survivor), O=old, HS=humongous(starts), HC=humongous(continues), CS=collection set, F=free, A=archive, TS=gc time stamp, AC=allocation context, TAMS=top-at-mark-start (previous, next)
|   0|0x0000000081800000, 0x0000000081800000, 0x0000000081900000|  0%| F|  |TS  0|AC  0|TAMS 0x0000000081800000, 0x0000000081800000|
|   1|0x0000000081900000, 0x0000000081900000, 0x0000000081a00000|  0%| F|  |TS  0|AC  0|TAMS 0x0000000081900000, 0x0000000081900000|
|   2|0x0000000081a00000, 0x0000000081a00000, 0x0000000081b00000|  0%| F|  |TS  0|AC  0|TAMS 0x0000000081a00000, 0x0000000081a00000|
|   3|0x0000000081b00000, 0x0000000081b00000, 0x0000000081c00000|  0%| F|  |TS  0|AC  0|TAMS 0x0000000081b00000, 0x0000000081b00000|
|   4|0x0000000081c00000, 0x0000000081c00000, 0x0000000081d00000|  0%| F|  |TS  0|AC  0|TAMS 0x0000000081c00000, 0x0000000081c00000|
|   5|0x0000000081d00000, 0x0000000081d00000, 0x0000000081e00000|  0%| F|  |TS  0|AC  0|TAMS 0x0000000081d00000, 0x0000000081d00000|
|   6|0x0000000081e00000, 0x0000000081e00000, 0x0000000081f00000|  0%| F|  |TS  0|AC  0|TAMS 0x0000000081e00000, 0x0000000081e00000|
|   7|0x0000000081f00000, 0x0000000081f00000, 0x0000000082000000|  0%| F|  |TS  0|AC  0|TAMS 0x0000000081f00000, 0x0000000081f00000|
|   8|0x0000000082000000, 0x0000000082000000, 0x0000000082100000|  0%| F|  |TS  0|AC  0|TAMS 0x0000000082000000, 0x0000000082000000|
|   9|0x0000000082100000, 0x0000000082100000, 0x0000000082200000|  0%| F|  |TS  0|AC  0|TAMS 0x0000000082100000, 0x0000000082100000|
|  10|0x0000000082200000, 0x0000000082200000, 0x0000000082300000|  0%| F|  |TS  0|AC  0|TAMS 0x0000000082200000, 0x0000000082200000|
|  11|0x0000000082300000, 0x0000000082300000, 0x0000000082400000|  0%| F|  |TS  0|AC  0|TAMS 0x0000000082300000, 0x0000000082300000|
|  12|0x0000000082400000, 0x0000000082400000, 0x0000000082500000|  0%| F|  |TS  0|AC  0|TAMS 0x0000000082400000, 0x0000000082400000|
|  13|0x0000000082500000, 0x0000000082500000, 0x0000000082600000|  0%| F|  |TS  0|AC  0|TAMS 0x0000000082500000, 0x0000000082500000|
|  14|0x0000000082600000, 0x0000000082600000, 0x0000000082700000|  0%| F|  |TS  0|AC  0|TAMS 0x0000000082600000, 0x0000000082600000|
|  15|0x0000000082700000, 0x0000000082700000, 0x0000000082800000|  0%| F|  |TS  0|AC  0|TAMS 0x0000000082700000, 0x0000000082700000|
|  16|0x0000000082800000, 0x0000000082800000, 0x0000000082900000|  0%| F|  |TS  0|AC  0|TAMS 0x0000000082800000, 0x0000000082800000|
|  17|0x0000000082900000, 0x0000000082900000, 0x0000000082a00000|  0%| F|  |TS  0|AC  0|TAMS 0x0000000082900000, 0x0000000082900000|
|  18|0x0000000082a00000, 0x0000000082a00000, 0x0000000082b00000|  0%| F|  |TS  0|AC  0|TAMS 0x0000000082a00000, 0x0000000082a00000|
|  19|0x0000000082b00000, 0x0000000082b00000, 0x0000000082c00000|  0%| F|  |TS  0|AC  0|TAMS 0x0000000082b00000, 0x0000000082b00000|
|  20|0x0000000082c00000, 0x0000000082c00000, 0x0000000082d00000|  0%| F|  |TS  0|AC  0|TAMS 0x0000000082c00000, 0x0000000082c00000|
|  21|0x0000000082d00000, 0x0000000082d00000, 0x0000000082e00000|  0%| F|  |TS  0|AC  0|TAMS 0x0000000082d00000, 0x0000000082d00000|
|  22|0x0000000082e00000, 0x0000000082e00000, 0x0000000082f00000|  0%| F|  |TS  0|AC  0|TAMS 0x0000000082e00000, 0x0000000082e00000|
|  23|0x0000000082f00000, 0x0000000082f00000, 0x0000000083000000|  0%| F|  |TS  0|AC  0|TAMS 0x0000000082f00000, 0x0000000082f00000|
|  24|0x0000000083000000, 0x0000000083000000, 0x0000000083100000|  0%| F|  |TS  0|AC  0|TAMS 0x0000000083000000, 0x0000000083000000|
|  25|0x0000000083100000, 0x0000000083100000, 0x0000000083200000|  0%| F|  |TS  0|AC  0|TAMS 0x0000000083100000, 0x0000000083100000|
|  26|0x0000000083200000, 0x0000000083200000, 0x0000000083300000|  0%| F|  |TS  0|AC  0|TAMS 0x0000000083200000, 0x0000000083200000|
|  27|0x0000000083300000, 0x0000000083300000, 0x0000000083400000|  0%| F|  |TS  0|AC  0|TAMS 0x0000000083300000, 0x0000000083300000|
|  28|0x0000000083400000, 0x0000000083400000, 0x0000000083500000|  0%| F|  |TS  0|AC  0|TAMS 0x0000000083400000, 0x0000000083400000|
|  29|0x0000000083500000, 0x0000000083500000, 0x0000000083600000|  0%| F|  |TS  0|AC  0|TAMS 0x0000000083500000, 0x0000000083500000|
|  30|0x0000000083600000, 0x0000000083600000, 0x0000000083700000|  0%| F|  |TS  0|AC  0|TAMS 0x0000000083600000, 0x0000000083600000|
|  31|0x0000000083700000, 0x0000000083700000, 0x0000000083800000|  0%| F|  |TS  0|AC  0|TAMS 0x0000000083700000, 0x0000000083700000|
|  32|0x0000000083800000, 0x0000000083800000, 0x0000000083900000|  0%| F|  |TS  0|AC  0|TAMS 0x0000000083800000, 0x0000000083800000|
|  33|0x0000000083900000, 0x0000000083900000, 0x0000000083a00000|  0%| F|  |TS  0|AC  0|TAMS 0x0000000083900000, 0x0000000083900000|
|  34|0x0000000083a00000, 0x0000000083a00000, 0x0000000083b00000|  0%| F|  |TS  0|AC  0|TAMS 0x0000000083a00000, 0x0000000083a00000|
|  35|0x0000000083b00000, 0x0000000083b00000, 0x0000000083c00000|  0%| F|  |TS  0|AC  0|TAMS 0x0000000083b00000, 0x0000000083b00000|
|  36|0x0000000083c00000, 0x0000000083c00000, 0x0000000083d00000|  0%| F|  |TS  0|AC  0|TAMS 0x0000000083c00000, 0x0000000083c00000|
|  37|0x0000000083d00000, 0x0000000083d00000, 0x0000000083e00000|  0%| F|  |TS  0|AC  0|TAMS 0x0000000083d00000, 0x0000000083d00000|
|  38|0x0000000083e00000, 0x0000000083e00000, 0x0000000083f00000|  0%| F|  |TS  0|AC  0|TAMS 0x0000000083e00000, 0x0000000083e00000|
|  39|0x0000000083f00000, 0x0000000083f00000, 0x0000000084000000|  0%| F|  |TS  0|AC  0|TAMS 0x0000000083f00000, 0x0000000083f00000|
|  40|0x0000000084000000, 0x0000000084000000, 0x0000000084100000|  0%| F|  |TS  0|AC  0|TAMS 0x0000000084000000, 0x0000000084000000|
|  41|0x0000000084100000, 0x0000000084100000, 0x0000000084200000|  0%| F|  |TS  0|AC  0|TAMS 0x0000000084100000, 0x0000000084100000|
|  42|0x0000000084200000, 0x0000000084200000, 0x0000000084300000|  0%| F|  |TS  0|AC  0|TAMS 0x0000000084200000, 0x0000000084200000|
|  43|0x0000000084300000, 0x0000000084300000, 0x0000000084400000|  0%| F|  |TS  0|AC  0|TAMS 0x0000000084300000, 0x0000000084300000|
|  44|0x0000000084400000, 0x0000000084400000, 0x0000000084500000|  0%| F|  |TS  0|AC  0|TAMS 0x0000000084400000, 0x0000000084400000|
|  45|0x0000000084500000, 0x0000000084500000, 0x0000000084600000|  0%| F|  |TS  0|AC  0|TAMS 0x0000000084500000, 0x0000000084500000|
|  46|0x0000000084600000, 0x0000000084600000, 0x0000000084700000|  0%| F|  |TS  0|AC  0|TAMS 0x0000000084600000, 0x0000000084600000|
|  47|0x0000000084700000, 0x0000000084700000, 0x0000000084800000|  0%| F|  |TS  0|AC  0|TAMS 0x0000000084700000, 0x0000000084700000|
|  48|0x0000000084800000, 0x0000000084800000, 0x0000000084900000|  0%| F|  |TS  0|AC  0|TAMS 0x0000000084800000, 0x0000000084800000|
|  49|0x0000000084900000, 0x0000000084900000, 0x0000000084a00000|  0%| F|  |TS  0|AC  0|TAMS 0x0000000084900000, 0x0000000084900000|
|  50|0x0000000084a00000, 0x0000000084a00000, 0x0000000084b00000|  0%| F|  |TS  0|AC  0|TAMS 0x0000000084a00000, 0x0000000084a00000|
|  51|0x0000000084b00000, 0x0000000084b00000, 0x0000000084c00000|  0%| F|  |TS  0|AC  0|TAMS 0x0000000084b00000, 0x0000000084b00000|
|  52|0x0000000084c00000, 0x0000000084c00000, 0x0000000084d00000|  0%| F|  |TS  0|AC  0|TAMS 0x0000000084c00000, 0x0000000084c00000|
|  53|0x0000000084d00000, 0x0000000084d00000, 0x0000000084e00000|  0%| F|  |TS  0|AC  0|TAMS 0x0000000084d00000, 0x0000000084d00000|
|  54|0x0000000084e00000, 0x0000000084e00000, 0x0000000084f00000|  0%| F|  |TS  0|AC  0|TAMS 0x0000000084e00000, 0x0000000084e00000|
|  55|0x0000000084f00000, 0x0000000084f00000, 0x0000000085000000|  0%| F|  |TS  0|AC  0|TAMS 0x0000000084f00000, 0x0000000084f00000|
|  56|0x0000000085000000, 0x0000000085000000, 0x0000000085100000|  0%| F|  |TS  0|AC  0|TAMS 0x0000000085000000, 0x0000000085000000|
|  57|0x0000000085100000, 0x0000000085100000, 0x0000000085200000|  0%| F|  |TS  0|AC  0|TAMS 0x0000000085100000, 0x0000000085100000|
|  58|0x0000000085200000, 0x0000000085200000, 0x0000000085300000|  0%| F|  |TS  0|AC  0|TAMS 0x0000000085200000, 0x0000000085200000|
|  59|0x0000000085300000, 0x0000000085300000, 0x0000000085400000|  0%| F|  |TS  0|AC  0|TAMS 0x0000000085300000, 0x0000000085300000|
|  60|0x0000000085400000, 0x0000000085400000, 0x0000000085500000|  0%| F|  |TS  0|AC  0|TAMS 0x0000000085400000, 0x0000000085400000|
|  61|0x0000000085500000, 0x0000000085500000, 0x0000000085600000|  0%| F|  |TS  0|AC  0|TAMS 0x0000000085500000, 0x0000000085500000|
|  62|0x0000000085600000, 0x0000000085600000, 0x0000000085700000|  0%| F|  |TS  0|AC  0|TAMS 0x0000000085600000, 0x0000000085600000|
|  63|0x0000000085700000, 0x0000000085700000, 0x0000000085800000|  0%| F|  |TS  0|AC  0|TAMS 0x0000000085700000, 0x0000000085700000|
|  64|0x0000000085800000, 0x0000000085800000, 0x0000000085900000|  0%| F|  |TS  0|AC  0|TAMS 0x0000000085800000, 0x0000000085800000|
|  65|0x0000000085900000, 0x0000000085900000, 0x0000000085a00000|  0%| F|  |TS  0|AC  0|TAMS 0x0000000085900000, 0x0000000085900000|
|  66|0x0000000085a00000, 0x0000000085a00000, 0x0000000085b00000|  0%| F|  |TS  0|AC  0|TAMS 0x0000000085a00000, 0x0000000085a00000|
|  67|0x0000000085b00000, 0x0000000085b00000, 0x0000000085c00000|  0%| F|  |TS  0|AC  0|TAMS 0x0000000085b00000, 0x0000000085b00000|
|  68|0x0000000085c00000, 0x0000000085c00000, 0x0000000085d00000|  0%| F|  |TS  0|AC  0|TAMS 0x0000000085c00000, 0x0000000085c00000|
|  69|0x0000000085d00000, 0x0000000085d00000, 0x0000000085e00000|  0%| F|  |TS  0|AC  0|TAMS 0x0000000085d00000, 0x0000000085d00000|
|  70|0x0000000085e00000, 0x0000000085e00000, 0x0000000085f00000|  0%| F|  |TS  0|AC  0|TAMS 0x0000000085e00000, 0x0000000085e00000|
|  71|0x0000000085f00000, 0x0000000085f00000, 0x0000000086000000|  0%| F|  |TS  0|AC  0|TAMS 0x0000000085f00000, 0x0000000085f00000|
|  72|0x0000000086000000, 0x0000000086000000, 0x0000000086100000|  0%| F|  |TS  0|AC  0|TAMS 0x0000000086000000, 0x0000000086000000|
|  73|0x0000000086100000, 0x0000000086100000, 0x0000000086200000|  0%| F|  |TS  0|AC  0|TAMS 0x0000000086100000, 0x0000000086100000|
|  74|0x0000000086200000, 0x0000000086200000, 0x0000000086300000|  0%| F|  |TS  0|AC  0|TAMS 0x0000000086200000, 0x0000000086200000|
|  75|0x0000000086300000, 0x0000000086300000, 0x0000000086400000|  0%| F|  |TS  0|AC  0|TAMS 0x0000000086300000, 0x0000000086300000|
|  76|0x0000000086400000, 0x0000000086400000, 0x0000000086500000|  0%| F|  |TS  0|AC  0|TAMS 0x0000000086400000, 0x0000000086400000|
|  77|0x0000000086500000, 0x0000000086500000, 0x0000000086600000|  0%| F|  |TS  0|AC  0|TAMS 0x0000000086500000, 0x0000000086500000|
|  78|0x0000000086600000, 0x0000000086600000, 0x0000000086700000|  0%| F|  |TS  0|AC  0|TAMS 0x0000000086600000, 0x0000000086600000|
|  79|0x0000000086700000, 0x0000000086700000, 0x0000000086800000|  0%| F|  |TS  0|AC  0|TAMS 0x0000000086700000, 0x0000000086700000|
|  80|0x0000000086800000, 0x0000000086800000, 0x0000000086900000|  0%| F|  |TS  0|AC  0|TAMS 0x0000000086800000, 0x0000000086800000|
|  81|0x0000000086900000, 0x0000000086900000, 0x0000000086a00000|  0%| F|  |TS  0|AC  0|TAMS 0x0000000086900000, 0x0000000086900000|
|  82|0x0000000086a00000, 0x0000000086a00000, 0x0000000086b00000|  0%| F|  |TS  0|AC  0|TAMS 0x0000000086a00000, 0x0000000086a00000|
|  83|0x0000000086b00000, 0x0000000086b00000, 0x0000000086c00000|  0%| F|  |TS  0|AC  0|TAMS 0x0000000086b00000, 0x0000000086b00000|
|  84|0x0000000086c00000, 0x0000000086c00000, 0x0000000086d00000|  0%| F|  |TS  0|AC  0|TAMS 0x0000000086c00000, 0x0000000086c00000|
|  85|0x0000000086d00000, 0x0000000086d00000, 0x0000000086e00000|  0%| F|  |TS  0|AC  0|TAMS 0x0000000086d00000, 0x0000000086d00000|
|  86|0x0000000086e00000, 0x0000000086e00000, 0x0000000086f00000|  0%| F|  |TS  0|AC  0|TAMS 0x0000000086e00000, 0x0000000086e00000|
|  87|0x0000000086f00000, 0x0000000086f00000, 0x0000000087000000|  0%| F|  |TS  0|AC  0|TAMS 0x0000000086f00000, 0x0000000086f00000|
|  88|0x0000000087000000, 0x0000000087000000, 0x0000000087100000|  0%| F|  |TS  0|AC  0|TAMS 0x0000000087000000, 0x0000000087000000|
|  89|0x0000000087100000, 0x0000000087100000, 0x0000000087200000|  0%| F|  |TS  0|AC  0|TAMS 0x0000000087100000, 0x0000000087100000|
|  90|0x0000000087200000, 0x0000000087200000, 0x0000000087300000|  0%| F|  |TS  0|AC  0|TAMS 0x0000000087200000, 0x0000000087200000|
|  91|0x0000000087300000, 0x0000000087300000, 0x0000000087400000|  0%| F|  |TS  0|AC  0|TAMS 0x0000000087300000, 0x0000000087300000|
|  92|0x0000000087400000, 0x0000000087400000, 0x0000000087500000|  0%| F|  |TS  0|AC  0|TAMS 0x0000000087400000, 0x0000000087400000|
|  93|0x0000000087500000, 0x0000000087500000, 0x0000000087600000|  0%| F|  |TS  0|AC  0|TAMS 0x0000000087500000, 0x0000000087500000|
|  94|0x0000000087600000, 0x0000000087600000, 0x0000000087700000|  0%| F|  |TS  0|AC  0|TAMS 0x0000000087600000, 0x0000000087600000|
|  95|0x0000000087700000, 0x0000000087700000, 0x0000000087800000|  0%| F|  |TS  0|AC  0|TAMS 0x0000000087700000, 0x0000000087700000|
|  96|0x0000000087800000, 0x0000000087800000, 0x0000000087900000|  0%| F|  |TS  0|AC  0|TAMS 0x0000000087800000, 0x0000000087800000|
|  97|0x0000000087900000, 0x0000000087900000, 0x0000000087a00000|  0%| F|  |TS  0|AC  0|TAMS 0x0000000087900000, 0x0000000087900000|
|  98|0x0000000087a00000, 0x0000000087a00000, 0x0000000087b00000|  0%| F|  |TS  0|AC  0|TAMS 0x0000000087a00000, 0x0000000087a00000|
|  99|0x0000000087b00000, 0x0000000087b00000, 0x0000000087c00000|  0%| F|  |TS  0|AC  0|TAMS 0x0000000087b00000, 0x0000000087b00000|
| 100|0x0000000087c00000, 0x0000000087c00000, 0x0000000087d00000|  0%| F|  |TS  0|AC  0|TAMS 0x0000000087c00000, 0x0000000087c00000|
| 101|0x0000000087d00000, 0x0000000087d00000, 0x0000000087e00000|  0%| F|  |TS  0|AC  0|TAMS 0x0000000087d00000, 0x0000000087d00000|
| 102|0x0000000087e00000, 0x0000000087e00000, 0x0000000087f00000|  0%| F|  |TS  0|AC  0|TAMS 0x0000000087e00000, 0x0000000087e00000|
| 103|0x0000000087f00000, 0x0000000087f00000, 0x0000000088000000|  0%| F|  |TS  0|AC  0|TAMS 0x0000000087f00000, 0x0000000087f00000|
| 104|0x0000000088000000, 0x0000000088000000, 0x0000000088100000|  0%| F|  |TS  0|AC  0|TAMS 0x0000000088000000, 0x0000000088000000|
| 105|0x0000000088100000, 0x0000000088100000, 0x0000000088200000|  0%| F|  |TS  0|AC  0|TAMS 0x0000000088100000, 0x0000000088100000|
| 106|0x0000000088200000, 0x0000000088200000, 0x0000000088300000|  0%| F|  |TS  0|AC  0|TAMS 0x0000000088200000, 0x0000000088200000|
| 107|0x0000000088300000, 0x0000000088300000, 0x0000000088400000|  0%| F|  |TS  0|AC  0|TAMS 0x0000000088300000, 0x0000000088300000|
| 108|0x0000000088400000, 0x0000000088400000, 0x0000000088500000|  0%| F|  |TS  0|AC  0|TAMS 0x0000000088400000, 0x0000000088400000|
| 109|0x0000000088500000, 0x0000000088500000, 0x0000000088600000|  0%| F|  |TS  0|AC  0|TAMS 0x0000000088500000, 0x0000000088500000|
| 110|0x0000000088600000, 0x0000000088600000, 0x0000000088700000|  0%| F|  |TS  0|AC  0|TAMS 0x0000000088600000, 0x0000000088600000|
| 111|0x0000000088700000, 0x0000000088700000, 0x0000000088800000|  0%| F|  |TS  0|AC  0|TAMS 0x0000000088700000, 0x0000000088700000|
| 112|0x0000000088800000, 0x0000000088800000, 0x0000000088900000|  0%| F|  |TS  0|AC  0|TAMS 0x0000000088800000, 0x0000000088800000|
| 113|0x0000000088900000, 0x000000008897c580, 0x0000000088a00000| 48%| E|  |TS  0|AC  0|TAMS 0x0000000088900000, 0x0000000088900000|
| 114|0x0000000088a00000, 0x0000000088b00000, 0x0000000088b00000|100%| E|CS|TS  0|AC  0|TAMS 0x0000000088a00000, 0x0000000088a00000|
| 115|0x0000000088b00000, 0x0000000088c00000, 0x0000000088c00000|100%| E|CS|TS  0|AC  0|TAMS 0x0000000088b00000, 0x0000000088b00000|
| 116|0x0000000088c00000, 0x0000000088d00000, 0x0000000088d00000|100%| E|CS|TS  0|AC  0|TAMS 0x0000000088c00000, 0x0000000088c00000|
| 117|0x0000000088d00000, 0x0000000088e00000, 0x0000000088e00000|100%| E|CS|TS  0|AC  0|TAMS 0x0000000088d00000, 0x0000000088d00000|
| 118|0x0000000088e00000, 0x0000000088f00000, 0x0000000088f00000|100%| E|CS|TS  0|AC  0|TAMS 0x0000000088e00000, 0x0000000088e00000|
| 119|0x0000000088f00000, 0x0000000089000000, 0x0000000089000000|100%| E|CS|TS  0|AC  0|TAMS 0x0000000088f00000, 0x0000000088f00000|
| 120|0x0000000089000000, 0x0000000089100000, 0x0000000089100000|100%| E|CS|TS  0|AC  0|TAMS 0x0000000089000000, 0x0000000089000000|
| 121|0x0000000089100000, 0x0000000089200000, 0x0000000089200000|100%| E|CS|TS  0|AC  0|TAMS 0x0000000089100000, 0x0000000089100000|
| 122|0x0000000089200000, 0x0000000089300000, 0x0000000089300000|100%| E|CS|TS  0|AC  0|TAMS 0x0000000089200000, 0x0000000089200000|
| 123|0x0000000089300000, 0x0000000089400000, 0x0000000089400000|100%| E|CS|TS  0|AC  0|TAMS 0x0000000089300000, 0x0000000089300000|
| 124|0x0000000089400000, 0x0000000089500000, 0x0000000089500000|100%| E|CS|TS  0|AC  0|TAMS 0x0000000089400000, 0x0000000089400000|
| 125|0x0000000089500000, 0x0000000089600000, 0x0000000089600000|100%| E|CS|TS  0|AC  0|TAMS 0x0000000089500000, 0x0000000089500000|
| 126|0x0000000089600000, 0x0000000089700000, 0x0000000089700000|100%| E|CS|TS  0|AC  0|TAMS 0x0000000089600000, 0x0000000089600000|
| 127|0x0000000089700000, 0x0000000089800000, 0x0000000089800000|100%| E|CS|TS  0|AC  0|TAMS 0x0000000089700000, 0x0000000089700000|

Card table byte_map: [0x00000189166d0000,0x0000018916ad0000] byte_map_base: 0x00000189162c4000

Marking Bits (Prev, Next): (CMBitMap*) 0x000001897f4a15b0, (CMBitMap*) 0x000001897f4a15e8
 Prev Bits: [0x0000018916ed0000, 0x0000018918e70000)
 Next Bits: [0x0000018918e70000, 0x000001891ae10000)

Polling page: 0x000001897d290000

CodeHeap 'non-profiled nmethods': size=120000Kb used=341Kb max_used=376Kb free=119658Kb
 bounds [0x000001890f1a0000, 0x000001890f410000, 0x00000189166d0000]
CodeHeap 'profiled nmethods': size=120000Kb used=1590Kb max_used=1603Kb free=118409Kb
 bounds [0x0000018907c70000, 0x0000018907ee0000, 0x000001890f1a0000]
CodeHeap 'non-nmethods': size=5760Kb used=1159Kb max_used=1176Kb free=4600Kb
 bounds [0x00000189076d0000, 0x0000018907940000, 0x0000018907c70000]
 total_blobs=1526 nmethods=777 adapters=300
 compilation: enabled

Compilation events (10 events):
Event: 19577.359 Thread 0x000001891d55c000  891       3       java.time.temporal.ValueRange::checkValidValue (24 bytes)
Event: 19577.360 Thread 0x000001891d55c000 nmethod 891 0x0000018907ce3010 code [0x0000018907ce3200, 0x0000018907ce35c0]
Event: 19577.360 Thread 0x000001891d55c000  892       1       java.time.zone.ZoneOffsetTransition::getOffsetAfter (5 bytes)
Event: 19577.360 Thread 0x000001891d55c000 nmethod 892 0x000001890f1cff10 code [0x000001890f1d00c0, 0x000001890f1d01d8]
Event: 19577.360 Thread 0x000001891d55c000  893       1       java.time.zone.ZoneOffsetTransition::getOffsetBefore (5 bytes)
Event: 19577.360 Thread 0x000001891d55c000 nmethod 893 0x000001890f1d1090 code [0x000001890f1d1240, 0x000001890f1d1358]
Event: 19577.365 Thread 0x000001891d55c000  895       3       java.lang.invoke.MemberName::getName (25 bytes)
Event: 19577.366 Thread 0x000001891d55c000 nmethod 895 0x0000018907cfeb90 code [0x0000018907cfed60, 0x0000018907cff130]
Event: 19577.367 Thread 0x000001891d55c000  896       3       jdk.internal.org.objectweb.asm.ClassWriter::put122 (15 bytes)
Event: 19577.367 Thread 0x000001891d55c000 nmethod 896 0x0000018907cd6610 code [0x0000018907cd67e0, 0x0000018907cd6a00]

GC Heap History (0 events):
No events

Deoptimization events (10 events):
Event: 23.990 Thread 0x000001897f406000 Uncommon trap: reason=class_check action=maybe_recompile pc=0x000001890f1e1318 method=java.util.regex.Pattern$BmpCharPredicate.lambda$union$2(Ljava/util/regex/Pattern$CharPredicate;I)Z @ 2 c2
Event: 23.994 Thread 0x000001897f406000 Uncommon trap: reason=class_check action=maybe_recompile pc=0x000001890f1e1ff8 method=java.util.regex.Pattern$Start.match(Ljava/util/regex/Matcher;ILjava/lang/CharSequence;)Z @ 44 c2
Event: 23.994 Thread 0x000001897f406000 Uncommon trap: reason=class_check action=maybe_recompile pc=0x000001890f1d0394 method=java.util.regex.Pattern$BmpCharProperty.match(Ljava/util/regex/Matcher;ILjava/lang/CharSequence;)Z @ 36 c2
Event: 23.994 Thread 0x000001897f406000 Uncommon trap: reason=class_check action=maybe_recompile pc=0x000001890f1e73a4 method=java.util.regex.Pattern$BmpCharPropertyGreedy.match(Ljava/util/regex/Matcher;ILjava/lang/CharSequence;)Z @ 26 c2
Event: 23.994 Thread 0x000001897f406000 Uncommon trap: reason=class_check action=maybe_recompile pc=0x000001890f1e3180 method=java.util.regex.Pattern$BmpCharPropertyGreedy.match(Ljava/util/regex/Matcher;ILjava/lang/CharSequence;)Z @ 26 c2
Event: 23.995 Thread 0x000001897f406000 Uncommon trap: reason=class_check action=maybe_recompile pc=0x000001890f1e1318 method=java.util.regex.Pattern$BmpCharPredicate.lambda$union$2(Ljava/util/regex/Pattern$CharPredicate;I)Z @ 2 c2
Event: 23.995 Thread 0x000001897f406000 Uncommon trap: reason=class_check action=maybe_recompile pc=0x000001890f1e1318 method=java.util.regex.Pattern$BmpCharPredicate.lambda$union$2(Ljava/util/regex/Pattern$CharPredicate;I)Z @ 2 c2
Event: 23.995 Thread 0x000001897f406000 Uncommon trap: reason=class_check action=maybe_recompile pc=0x000001890f1e1ff8 method=java.util.regex.Pattern$Start.match(Ljava/util/regex/Matcher;ILjava/lang/CharSequence;)Z @ 44 c2
Event: 23.995 Thread 0x000001897f406000 Uncommon trap: reason=class_check action=maybe_recompile pc=0x000001890f1e1ff8 method=java.util.regex.Pattern$Start.match(Ljava/util/regex/Matcher;ILjava/lang/CharSequence;)Z @ 44 c2
Event: 23.996 Thread 0x000001897f406000 Uncommon trap: reason=class_check action=maybe_recompile pc=0x000001890f1ddfb4 method=java.util.regex.Pattern$Start.match(Ljava/util/regex/Matcher;ILjava/lang/CharSequence;)Z @ 44 c2

Classes redefined (10 events):
Event: 18545.322 Thread 0x000001891d53a000 redefined class name=client.MyTestClient, count=10
Event: 18545.329 Thread 0x000001891d53a000 redefined class name=model.GameEngineImpl, count=6
Event: 18545.908 Thread 0x000001891d53a000 redefined class name=model.PlayingCardImpl, count=1
Event: 18739.600 Thread 0x000001891d53a000 redefined class name=model.GameEngineImpl, count=7
Event: 18826.961 Thread 0x000001891d53a000 redefined class name=model.GameEngineImpl, count=8
Event: 18861.199 Thread 0x000001891d53a000 redefined class name=model.GameEngineImpl, count=9
Event: 18920.769 Thread 0x000001891d53a000 redefined class name=model.GameEngineImpl, count=10
Event: 19100.384 Thread 0x000001891d53a000 redefined class name=model.GameEngineImpl, count=11
Event: 19185.841 Thread 0x000001891d53a000 redefined class name=model.GameEngineImpl, count=12
Event: 19560.346 Thread 0x000001891d53a000 redefined class name=client.MyTestClient, count=11

Internal exceptions (2 events):
Event: 1.621 Thread 0x000001897f406000 Exception <a 'java/lang/NoSuchMethodError'{0x0000000089009d18}: method resolution failed> (0x0000000089009d18) thrown at [t:/workspace/open/src/hotspot/share/prims/methodHandles.cpp, line 1226]
Event: 1.639 Thread 0x000001897f406000 Exception <a 'java/lang/NoSuchMethodError'{0x000000008901fae8}: java.lang.Object.lambda$union$2(Ljava/util/regex/Pattern$CharPredicate;I)Z> (0x000000008901fae8) thrown at [t:/workspace/open/src/hotspot/share/interpreter/linkResolver.cpp, line 741]

Events (10 events):
Event: 19577.384 loading class java/lang/StackStreamFactory$1
Event: 19577.384 loading class java/lang/StackStreamFactory$1 done
Event: 19577.385 loading class java/lang/StackStreamFactory$StackFrameTraverser$StackFrameBuffer
Event: 19577.385 loading class java/lang/StackStreamFactory$FrameBuffer
Event: 19577.385 loading class java/lang/StackStreamFactory$FrameBuffer done
Event: 19577.385 loading class java/lang/StackStreamFactory$StackFrameTraverser$StackFrameBuffer done
Event: 19577.386 loading class java/util/stream/ReferencePipeline$2
Event: 19577.387 loading class java/util/stream/ReferencePipeline$2 done
Event: 19577.387 loading class java/util/stream/ReferencePipeline$2$1
Event: 19577.387 loading class java/util/stream/ReferencePipeline$2$1 done


Dynamic libraries:
0x00007ff7ad680000 - 0x00007ff7ad6be000 	C:\Program Files\Java\jre-10.0.2\bin\javaw.exe
0x00007ffa305b0000 - 0x00007ffa30791000 	C:\WINDOWS\SYSTEM32\ntdll.dll
0x00007ffa2fa90000 - 0x00007ffa2fb42000 	C:\WINDOWS\System32\KERNEL32.DLL
0x00007ffa2cc30000 - 0x00007ffa2cea3000 	C:\WINDOWS\System32\KERNELBASE.dll
0x00007ffa2f780000 - 0x00007ffa2f821000 	C:\WINDOWS\System32\ADVAPI32.dll
0x00007ffa2fec0000 - 0x00007ffa2ff5e000 	C:\WINDOWS\System32\msvcrt.dll
0x00007ffa300c0000 - 0x00007ffa3011b000 	C:\WINDOWS\System32\sechost.dll
0x00007ffa2da40000 - 0x00007ffa2db64000 	C:\WINDOWS\System32\RPCRT4.dll
0x00007ffa2f3a0000 - 0x00007ffa2f530000 	C:\WINDOWS\System32\USER32.dll
0x00007ffa2da20000 - 0x00007ffa2da40000 	C:\WINDOWS\System32\win32u.dll
0x00007ffa2fa00000 - 0x00007ffa2fa28000 	C:\WINDOWS\System32\GDI32.dll
0x00007ffa2cf30000 - 0x00007ffa2d0c2000 	C:\WINDOWS\System32\gdi32full.dll
0x00007ffa2cb90000 - 0x00007ffa2cc2f000 	C:\WINDOWS\System32\msvcp_win.dll
0x00007ffa2ca30000 - 0x00007ffa2cb2a000 	C:\WINDOWS\System32\ucrtbase.dll
0x00007ffa18b90000 - 0x00007ffa18df9000 	C:\WINDOWS\WinSxS\amd64_microsoft.windows.common-controls_6595b64144ccf1df_6.0.17134.228_none_fb4599993062b194\COMCTL32.dll
0x00007ffa2efe0000 - 0x00007ffa2f303000 	C:\WINDOWS\System32\combase.dll
0x00007ffa2ceb0000 - 0x00007ffa2cf2a000 	C:\WINDOWS\System32\bcryptPrimitives.dll
0x00007ffa1dc70000 - 0x00007ffa1dc7a000 	C:\WINDOWS\SYSTEM32\VERSION.dll
0x00007ffa2db70000 - 0x00007ffa2db9d000 	C:\WINDOWS\System32\IMM32.DLL
0x00007ffa0a4a0000 - 0x00007ffa0a58f000 	C:\Program Files\Java\jre-10.0.2\bin\msvcr120.dll
0x00007ffa0fe40000 - 0x00007ffa0fee6000 	C:\Program Files\Java\jre-10.0.2\bin\msvcp120.dll
0x0000000056640000 - 0x00000000570b0000 	C:\Program Files\Java\jre-10.0.2\bin\server\jvm.dll
0x00007ffa30120000 - 0x00007ffa30128000 	C:\WINDOWS\System32\PSAPI.DLL
0x00007ffa18650000 - 0x00007ffa18659000 	C:\WINDOWS\SYSTEM32\WSOCK32.dll
0x00007ffa2a630000 - 0x00007ffa2a653000 	C:\WINDOWS\SYSTEM32\WINMM.dll
0x00007ffa2f330000 - 0x00007ffa2f39c000 	C:\WINDOWS\System32\WS2_32.dll
0x00007ffa2a1e0000 - 0x00007ffa2a20a000 	C:\WINDOWS\SYSTEM32\winmmbase.dll
0x00007ffa2d7e0000 - 0x00007ffa2d829000 	C:\WINDOWS\System32\cfgmgr32.dll
0x00007ffa28ed0000 - 0x00007ffa28edf000 	C:\Program Files\Java\jre-10.0.2\bin\verify.dll
0x00007ffa2c410000 - 0x00007ffa2c5d9000 	C:\WINDOWS\SYSTEM32\DBGHELP.DLL
0x00007ffa2c1b0000 - 0x00007ffa2c1d9000 	C:\WINDOWS\SYSTEM32\dbgcore.DLL
0x00007ffa126f0000 - 0x00007ffa12717000 	C:\Program Files\Java\jre-10.0.2\bin\java.dll
0x00007ffa125e0000 - 0x00007ffa12616000 	C:\Program Files\Java\jre-10.0.2\bin\jdwp.dll
0x00007ffa13940000 - 0x00007ffa1396a000 	C:\Program Files\Java\jre-10.0.2\bin\instrument.dll
0x00007ffa16b10000 - 0x00007ffa16b26000 	C:\Program Files\Java\jre-10.0.2\bin\zip.dll
0x00007ffa28e00000 - 0x00007ffa28e0a000 	C:\Program Files\Java\jre-10.0.2\bin\jimage.dll
0x00007ffa2dba0000 - 0x00007ffa2efe0000 	C:\WINDOWS\System32\SHELL32.dll
0x00007ffa2f530000 - 0x00007ffa2f5d9000 	C:\WINDOWS\System32\shcore.dll
0x00007ffa2d0d0000 - 0x00007ffa2d7dd000 	C:\WINDOWS\System32\windows.storage.dll
0x00007ffa2fa30000 - 0x00007ffa2fa81000 	C:\WINDOWS\System32\shlwapi.dll
0x00007ffa2c8c0000 - 0x00007ffa2c8d1000 	C:\WINDOWS\System32\kernel.appcore.dll
0x00007ffa2c8e0000 - 0x00007ffa2c8ff000 	C:\WINDOWS\System32\profapi.dll
0x00007ffa2c930000 - 0x00007ffa2c97c000 	C:\WINDOWS\System32\powrprof.dll
0x00007ffa2c900000 - 0x00007ffa2c90a000 	C:\WINDOWS\System32\FLTLIB.DLL
0x00007ffa28ee0000 - 0x00007ffa28eea000 	C:\Program Files\Java\jre-10.0.2\bin\dt_socket.dll
0x00007ffa2bd80000 - 0x00007ffa2bde6000 	C:\WINDOWS\System32\mswsock.dll
0x00007ffa2bb40000 - 0x00007ffa2bbfe000 	C:\WINDOWS\SYSTEM32\DNSAPI.dll
0x00007ffa2f320000 - 0x00007ffa2f328000 	C:\WINDOWS\System32\NSI.dll
0x00007ffa2bb00000 - 0x00007ffa2bb38000 	C:\WINDOWS\SYSTEM32\IPHLPAPI.DLL
0x0000000057580000 - 0x00000000575b5000 	c:\Program Files\Bonjour\mdnsNSP.dll
0x00007ffa1fb70000 - 0x00007ffa1fbe2000 	C:\WINDOWS\System32\fwpuclnt.dll
0x00007ffa2c1e0000 - 0x00007ffa2c205000 	C:\WINDOWS\SYSTEM32\bcrypt.dll
0x00007ffa1f530000 - 0x00007ffa1f53a000 	C:\Windows\System32\rasadhlp.dll
0x00007ffa16510000 - 0x00007ffa1652a000 	C:\Program Files\Java\jre-10.0.2\bin\net.dll
0x00007ffa25760000 - 0x00007ffa2583c000 	C:\WINDOWS\SYSTEM32\WINHTTP.dll
0x00007ffa12590000 - 0x00007ffa125a1000 	C:\Program Files\Java\jre-10.0.2\bin\nio.dll

dbghelp: loaded successfully - version: 4.0.5 - missing functions: none
symbol engine: initialized successfully - sym options: 0x614 - pdb path: .;C:\Program Files\Java\jre-10.0.2\bin;C:\WINDOWS\SYSTEM32;C:\WINDOWS\WinSxS\amd64_microsoft.windows.common-controls_6595b64144ccf1df_6.0.17134.228_none_fb4599993062b194;C:\Program Files\Java\jre-10.0.2\bin\server;c:\Program Files\Bonjour

VM Arguments:
jvm_args: -agentlib:jdwp=transport=dt_socket,suspend=y,address=localhost:59694 -javaagent:C:\Users\Duy Linh Nguyen\eclipse\java-photon\eclipse\configuration\org.eclipse.osgi\237\0\.cp\lib\javaagent-shaded.jar -Dfile.encoding=Cp1252 
java_command: client.MyTestClient
java_class_path (initial): C:\Users\Duy Linh Nguyen\Documents\School\Semester 2 2018\COSC2391 - Software Arch Design & Implem\A1\CardGame.zip_expanded\CardGame\bin;C:\Users\Duy Linh Nguyen\.p2\pool\plugins\org.junit_4.12.0.v201504281640\junit.jar;C:\Users\Duy Linh Nguyen\.p2\pool\plugins\org.hamcrest.core_1.3.0.v20180420-1519.jar;C:\Users\Duy Linh Nguyen\Documents\School\Semester 2 2018\COSC2391 - Software Arch Design & Implem\A1\CardGame.zip_expanded\CardGame\lib\Validator.jar
Launcher Type: SUN_STANDARD

Logging:
Log output configuration:
#0: stdout all=warning uptime,level,tags
#1: stderr all=off uptime,level,tags

Environment Variables:
PATH=C:\Program Files (x86)\Intel\Intel(R) Management Engine Components\iCLS\;C:\Program Files\Intel\Intel(R) Management Engine Components\iCLS\;C:\Program Files (x86)\Common Files\Oracle\Java\javapath;C:\WINDOWS\system32;C:\WINDOWS;C:\WINDOWS\System32\Wbem;C:\WINDOWS\System32\WindowsPowerShell\v1.0\;C:\Program Files\Git\cmd;C:\Program Files (x86)\Intel\Intel(R) Management Engine Components\DAL;C:\Program Files\Intel\Intel(R) Management Engine Components\DAL;C:\Program Files (x86)\Intel\Intel(R) Management Engine Components\IPT;C:\Program Files\Intel\Intel(R) Management Engine Components\IPT;C:\WINDOWS\System32\OpenSSH\;C:\Program Files (x86)\Gpg4win\..\GnuPG\bin;C:\metasploit-framework\bin\;C:\Users\Duy Linh Nguyen\AppData\Local\Microsoft\WindowsApps;C:\Users\Duy Linh Nguyen\AppData\Local\atom\bin;%USERPROFILE%\AppData\Local\Microsoft\WindowsApps;
USERNAME=Duy Linh Nguyen
OS=Windows_NT
PROCESSOR_IDENTIFIER=Intel64 Family 6 Model 142 Stepping 10, GenuineIntel



---------------  S Y S T E M  ---------------

OS: Windows 10 , 64 bit Build 17134 (10.0.17134.1)

CPU:total 8 (initial active 8) (4 cores per cpu, 2 threads per core) family 6 model 142 stepping 10, cmov, cx8, fxsr, mmx, sse, sse2, sse3, ssse3, sse4.1, sse4.2, popcnt, avx, avx2, aes, clmul, erms, 3dnowpref, lzcnt, ht, tsc, tscinvbit, bmi1, bmi2, adx, fma

Memory: 4k page, physical 8282800k(3678760k free), swap 11821744k(4485044k free)

vm_info: Java HotSpot(TM) 64-Bit Server VM (10.0.2+13) for windows-amd64 JRE (10.0.2+13), built on Jun 28 2018 01:57:56 by "mach5one" with MS VC++ 12.0 (VS2013)

END.
