#
# A fatal error has been detected by the Java Runtime Environment:
#
#  EXCEPTION_ACCESS_VIOLATION (0xc0000005) at pc=0x00000000561d9792, pid=15592, tid=21324
#
# JRE version: Java(TM) SE Runtime Environment (10.0.1+10) (build 10.0.1+10)
# Java VM: Java HotSpot(TM) 64-Bit Server VM (10.0.1+10, mixed mode, tiered, compressed oops, g1 gc, windows-amd64)
# Problematic frame:
# V  [jvm.dll+0x5f9792]
#
# No core dump will be written. Minidumps are not enabled by default on client versions of Windows
#
# If you would like to submit a bug report, please visit:
#   http://bugreport.java.com/bugreport/crash.jsp
#

---------------  S U M M A R Y ------------

Command Line: -agentlib:jdwp=transport=dt_socket,suspend=y,address=localhost:58780 -Dfile.encoding=Cp1252 client.MyTestClient

Host: Intel(R) Core(TM) i5-8250U CPU @ 1.60GHz, 8 cores, 7G,  Windows 10 , 64 bit Build 17134 (10.0.17134.1)
Time: Mon Aug 20 17:17:41 2018 AUS Eastern Standard Time elapsed time: 389 seconds (0d 0h 6m 29s)

---------------  T H R E A D  ---------------

Current thread (0x000001b2eccd1000):  JavaThread "main" [_thread_in_vm, id=21324, stack(0x00000053e9d00000,0x00000053e9e00000)]

Stack: [0x00000053e9d00000,0x00000053e9e00000],  sp=0x00000053e9dfc420,  free space=1009k
Native frames: (J=compiled Java code, j=interpreted, Vv=VM code, C=native code)
V  [jvm.dll+0x5f9792]
V  [jvm.dll+0x372e6b]
V  [jvm.dll+0x4a7b26]
V  [jvm.dll+0x4a2dc5]
V  [jvm.dll+0x3759e9]
V  [jvm.dll+0x6280a8]
V  [jvm.dll+0x6284bf]
V  [jvm.dll+0x627fd7]
V  [jvm.dll+0x3e8dbf]
C  0x000001b280015f16

Java frames: (J=compiled Java code, j=interpreted, Vv=VM code)
j  java.lang.StackStreamFactory$AbstractStackWalker.fetchStackFrames(JJII[Ljava/lang/Object;)I+0 java.base@10.0.1
j  java.lang.StackStreamFactory$AbstractStackWalker.fetchStackFrames(I)I+35 java.base@10.0.1
j  java.lang.StackStreamFactory$AbstractStackWalker.getNextBatch()I+61 java.base@10.0.1
j  java.lang.StackStreamFactory$AbstractStackWalker.peekFrame()Ljava/lang/Class;+32 java.base@10.0.1
j  java.lang.StackStreamFactory$AbstractStackWalker.hasNext()Z+1 java.base@10.0.1
j  java.lang.StackStreamFactory$StackFrameTraverser.tryAdvance(Ljava/util/function/Consumer;)Z+16 java.base@10.0.1
j  java.util.stream.ReferencePipeline.forEachWithCancel(Ljava/util/Spliterator;Ljava/util/stream/Sink;)Z+13 java.base@10.0.1
j  java.util.stream.AbstractPipeline.copyIntoWithCancel(Ljava/util/stream/Sink;Ljava/util/Spliterator;)Z+32 java.base@10.0.1
j  java.util.stream.AbstractPipeline.copyInto(Ljava/util/stream/Sink;Ljava/util/Spliterator;)V+49 java.base@10.0.1
j  java.util.stream.AbstractPipeline.wrapAndCopyInto(Ljava/util/stream/Sink;Ljava/util/Spliterator;)Ljava/util/stream/Sink;+13 java.base@10.0.1
j  java.util.stream.FindOps$FindOp.evaluateSequential(Ljava/util/stream/PipelineHelper;Ljava/util/Spliterator;)Ljava/lang/Object;+14 java.base@10.0.1
j  java.util.stream.AbstractPipeline.evaluate(Ljava/util/stream/TerminalOp;)Ljava/lang/Object;+88 java.base@10.0.1
j  java.util.stream.ReferencePipeline.findFirst()Ljava/util/Optional;+5 java.base@10.0.1
j  java.util.logging.LogRecord$CallerFinder.lambda$get$1(Ljava/util/stream/Stream;)Ljava/util/Optional;+7 java.logging@10.0.1
j  java.util.logging.LogRecord$CallerFinder$$Lambda$22.apply(Ljava/lang/Object;)Ljava/lang/Object;+8 java.logging@10.0.1
j  java.lang.StackStreamFactory$StackFrameTraverser.consumeFrames()Ljava/lang/Object;+25 java.base@10.0.1
j  java.lang.StackStreamFactory$AbstractStackWalker.doStackWalk(JIIII)Ljava/lang/Object;+78 java.base@10.0.1
v  ~StubRoutines::call_stub
j  java.lang.StackStreamFactory$AbstractStackWalker.callStackWalk(JIII[Ljava/lang/Object;)Ljava/lang/Object;+0 java.base@10.0.1
j  java.lang.StackStreamFactory$AbstractStackWalker.beginStackWalk()Ljava/lang/Object;+31 java.base@10.0.1
j  java.lang.StackStreamFactory$AbstractStackWalker.walk()Ljava/lang/Object;+8 java.base@10.0.1
j  java.lang.StackWalker.walk(Ljava/util/function/Function;)Ljava/lang/Object;+10 java.base@10.0.1
j  java.util.logging.LogRecord$CallerFinder.get()Ljava/util/Optional;+9 java.logging@10.0.1
j  java.util.logging.LogRecord.inferCaller()V+12 java.logging@10.0.1
j  java.util.logging.LogRecord.getSourceClassName()Ljava/lang/String;+8 java.logging@10.0.1
j  java.util.logging.SimpleFormatter.format(Ljava/util/logging/LogRecord;)Ljava/lang/String;+12 java.logging@10.0.1
j  java.util.logging.StreamHandler.publish(Ljava/util/logging/LogRecord;)V+14 java.logging@10.0.1
j  java.util.logging.ConsoleHandler.publish(Ljava/util/logging/LogRecord;)V+2 java.logging@10.0.1
j  java.util.logging.Logger.log(Ljava/util/logging/LogRecord;)V+90 java.logging@10.0.1
j  java.util.logging.Logger.doLog(Ljava/util/logging/LogRecord;)V+46 java.logging@10.0.1
j  java.util.logging.Logger.log(Ljava/util/logging/Level;Ljava/lang/String;)V+21 java.logging@10.0.1
j  view.GameEngineCallbackImpl.result(Lmodel/interfaces/Player;ILmodel/interfaces/GameEngine;)V+49
j  model.GameEngineImpl.dealPlayer(Lmodel/interfaces/Player;I)V+85
j  client.MyTestClient.main([Ljava/lang/String;)V+103
v  ~StubRoutines::call_stub

siginfo: EXCEPTION_ACCESS_VIOLATION (0xc0000005), reading address 0x0000000000000008


Register to memory mapping:

RIP=0x00000000561d9792 jvm.dll
RAX=0x0000000000000010 is an unknown value
RBX=0x000001b2ecccf890 is an unknown value
RCX=0x0000000088fd62d8 is an oop
java.lang.invoke.ResolvedMethodName 
{0x0000000088fd62d8} - klass: 'java/lang/invoke/ResolvedMethodName'
RDX=0x0000000000000010 is an unknown value
RSP=0x00000053e9dfc420 is pointing into the stack for thread: 0x000001b2eccd1000
RBP=0x000001b2eccd1000 is a thread
RSI=0x0000000000000000 is an unknown value
RDI=0x0000000000000000 is an unknown value
R8 =0x0000000000000000 is an unknown value
R9 ={method} {0x000001b28f62ca98} 'printCards' '(Ljava/util/Deque;)V' in 'client/MyTestClient'
R10=0x0000000000000004 is an unknown value
R11=0x0000000000000004 is an unknown value
R12=0x000001b2eccd1000 is a thread
R13=0x0000000100060030 is pointing into metadata
R14=0x00000053e9dfc540 is pointing into the stack for thread: 0x000001b2eccd1000
R15=0x0000000000000000 is an unknown value


Registers:
RAX=0x0000000000000010, RBX=0x000001b2ecccf890, RCX=0x0000000088fd62d8, RDX=0x0000000000000010
RSP=0x00000053e9dfc420, RBP=0x000001b2eccd1000, RSI=0x0000000000000000, RDI=0x0000000000000000
R8 =0x0000000000000000, R9 =0x000001b28f62ca90, R10=0x0000000000000004, R11=0x0000000000000004
R12=0x000001b2eccd1000, R13=0x0000000100060030, R14=0x00000053e9dfc540, R15=0x0000000000000000
RIP=0x00000000561d9792, EFLAGS=0x0000000000010206

Top of Stack: (sp=0x00000053e9dfc420)
0x00000053e9dfc420:   000001b2ecccf890 00000053e9dfc4a0
0x00000053e9dfc430:   000001b2eccd1000 0000000000000000
0x00000053e9dfc440:   0000000088fd62d8 0000000055f52e6b
0x00000053e9dfc450:   000001b2ffbb0c18 000001b2eccd1000
0x00000053e9dfc460:   00000053e9dfc4a0 0000000000000000
0x00000053e9dfc470:   000001b2eccc2140 0000000056087b26
0x00000053e9dfc480:   0000000000000000 000001b28f400830
0x00000053e9dfc490:   0000000009af0000 00000000ffffffff
0x00000053e9dfc4a0:   000001b28f400830 000001b2eccd1000
0x00000053e9dfc4b0:   000001b2eabbfb38 0000000056082dc5
0x00000053e9dfc4c0:   00000053e9dfc540 0000000100060030
0x00000053e9dfc4d0:   000001b28f400830 00000000fffffffe
0x00000053e9dfc4e0:   000001b28f400830 000001b2eccd1000
0x00000053e9dfc4f0:   0000000000000000 00000053e9dfc640
0x00000053e9dfc500:   0000000000000005 000001b2eccd1000
0x00000053e9dfc510:   0000000000000000 0000000055f559e9 

Instructions: (pc=0x00000000561d9792)
0x00000000561d9772:   e8 f9 d4 d5 ff 48 8b cf 48 8b f0 48 8b 44 24 30
0x00000000561d9782:   48 85 c0 74 03 48 8b 08 48 8b d6 e8 ee c7 d7 ff
0x00000000561d9792:   48 8b 46 08 48 8b 48 08 48 8b 41 18 b9 00 80 00
0x00000000561d97a2:   00 66 09 88 1a 01 00 00 48 8b 44 24 30 48 85 c0 



---------------  P R O C E S S  ---------------

Threads class SMR info:
_java_thread_list=0x000001b2ffab88a0, length=15, elements={
0x000001b2eccd1000, 0x000001b2ff943000, 0x000001b2ff94c000, 0x000001b2ff959000,
0x000001b2ffa94800, 0x000001b2ffa96000, 0x000001b2ffa99000, 0x000001b2ffa99800,
0x000001b2ffaa5800, 0x000001b2ffaae800, 0x000001b2ffc96800, 0x000001b2ffc98000,
0x000001b2ffc99000, 0x000001b2ffcaa000, 0x000001b2ffcae800
}

Java Threads: ( => current thread )
=>0x000001b2eccd1000 JavaThread "main" [_thread_in_vm, id=21324, stack(0x00000053e9d00000,0x00000053e9e00000)]
  0x000001b2ff943000 JavaThread "Reference Handler" daemon [_thread_blocked, id=20932, stack(0x00000053eb300000,0x00000053eb400000)]
  0x000001b2ff94c000 JavaThread "Finalizer" daemon [_thread_blocked, id=20928, stack(0x00000053eb400000,0x00000053eb500000)]
  0x000001b2ff959000 JavaThread "Signal Dispatcher" daemon [_thread_blocked, id=18940, stack(0x00000053eb500000,0x00000053eb600000)]
  0x000001b2ffa94800 JavaThread "Attach Listener" daemon [_thread_blocked, id=13716, stack(0x00000053eb600000,0x00000053eb700000)]
  0x000001b2ffa96000 JavaThread "C2 CompilerThread0" daemon [_thread_blocked, id=17512, stack(0x00000053eb700000,0x00000053eb800000)]
  0x000001b2ffa99000 JavaThread "C2 CompilerThread1" daemon [_thread_blocked, id=20964, stack(0x00000053eb800000,0x00000053eb900000)]
  0x000001b2ffa99800 JavaThread "C2 CompilerThread2" daemon [_thread_blocked, id=20960, stack(0x00000053eb900000,0x00000053eba00000)]
  0x000001b2ffaa5800 JavaThread "C1 CompilerThread3" daemon [_thread_blocked, id=20984, stack(0x00000053eba00000,0x00000053ebb00000)]
  0x000001b2ffaae800 JavaThread "Sweeper thread" daemon [_thread_blocked, id=21236, stack(0x00000053ebb00000,0x00000053ebc00000)]
  0x000001b2ffc96800 JavaThread "JDWP Transport Listener: dt_socket" daemon [_thread_blocked, id=21224, stack(0x00000053ebc00000,0x00000053ebd00000)]
  0x000001b2ffc98000 JavaThread "JDWP Event Helper Thread" daemon [_thread_blocked, id=704, stack(0x00000053ebd00000,0x00000053ebe00000)]
  0x000001b2ffc99000 JavaThread "JDWP Command Reader" daemon [_thread_in_native, id=16380, stack(0x00000053ebe00000,0x00000053ebf00000)]
  0x000001b2ffcaa000 JavaThread "Service Thread" daemon [_thread_blocked, id=21360, stack(0x00000053ebf00000,0x00000053ec000000)]
  0x000001b2ffcae800 JavaThread "Common-Cleaner" daemon [_thread_blocked, id=21228, stack(0x00000053ec000000,0x00000053ec100000)]

Other Threads:
  0x000001b2ff935000 VMThread "VM Thread" [stack: 0x00000053eb200000,0x00000053eb300000] [id=20224]
  0x000001b2ffc9b000 WatcherThread [stack: 0x00000053ec100000,0x00000053ec200000] [id=20820]
  0x000001b2ecceb800 GCTaskThread "GC Thread#0" [stack: 0x00000053e9e00000,0x00000053e9f00000] [id=8816]
  0x000001b2eccec800 GCTaskThread "GC Thread#1" [stack: 0x00000053e9f00000,0x00000053ea000000] [id=21060]
  0x000001b2eccef800 GCTaskThread "GC Thread#2" [stack: 0x00000053ea000000,0x00000053ea100000] [id=21064]
  0x000001b2eccf6000 GCTaskThread "GC Thread#3" [stack: 0x00000053ea100000,0x00000053ea200000] [id=21068]
  0x000001b2eccf7000 GCTaskThread "GC Thread#4" [stack: 0x00000053ea200000,0x00000053ea300000] [id=20812]
  0x000001b2eccf8000 GCTaskThread "GC Thread#5" [stack: 0x00000053ea300000,0x00000053ea400000] [id=21436]
  0x000001b2eccf4800 GCTaskThread "GC Thread#6" [stack: 0x00000053ea400000,0x00000053ea500000] [id=20816]
  0x000001b2eccf2800 GCTaskThread "GC Thread#7" [stack: 0x00000053ea500000,0x00000053ea600000] [id=21416]
  0x000001b2ecd74000 ConcurrentGCThread "G1 Main Marker" [stack: 0x00000053ea600000,0x00000053ea700000] [id=20868]
  0x000001b2eccf8800 ConcurrentGCThread "G1 Conc#0" [stack: 0x00000053ea700000,0x00000053ea800000] [id=19604]
  0x000001b2eccf5000 ConcurrentGCThread "G1 Conc#1" [stack: 0x00000053ea800000,0x00000053ea900000] [id=4620]
  0x000001b2ff7b4800 ConcurrentGCThread "G1 Refine#0" [stack: 0x00000053ea900000,0x00000053eaa00000] [id=11668]
  0x000001b2ff7b8800 ConcurrentGCThread "G1 Refine#1" [stack: 0x00000053eaa00000,0x00000053eab00000] [id=2772]
  0x000001b2ff7b9000 ConcurrentGCThread "G1 Refine#2" [stack: 0x00000053eab00000,0x00000053eac00000] [id=11316]
  0x000001b2ff7b9800 ConcurrentGCThread "G1 Refine#3" [stack: 0x00000053eac00000,0x00000053ead00000] [id=3752]
  0x000001b2ff7bc800 ConcurrentGCThread "G1 Refine#4" [stack: 0x00000053ead00000,0x00000053eae00000] [id=15980]
  0x000001b2ff7be000 ConcurrentGCThread "G1 Refine#5" [stack: 0x00000053eae00000,0x00000053eaf00000] [id=6160]
  0x000001b2ff7c3000 ConcurrentGCThread "G1 Refine#6" [stack: 0x00000053eaf00000,0x00000053eb000000] [id=21004]
  0x000001b2ff7c3800 ConcurrentGCThread "G1 Refine#7" [stack: 0x00000053eb000000,0x00000053eb100000] [id=13884]
  0x000001b2ff7c4000 ConcurrentGCThread "G1 Young RemSet Sampling" [stack: 0x00000053eb100000,0x00000053eb200000] [id=21372]

Threads with active compile tasks:

VM state:not at safepoint (normal execution)

VM Mutex/Monitor currently owned by a thread:  ([mutex/lock_event])
[0x000001b2ecccf890] ResolvedMethodTable_lock - owner thread: 0x000001b2eccd1000

Heap address: 0x0000000081800000, size: 2024 MB, Compressed Oops mode: 32-bit
Narrow klass base: 0x0000000000000000, Narrow klass shift: 3
Compressed class space size: 1073741824 Address: 0x0000000100000000

Heap:
 garbage-first heap   total 131072K, used 8192K [0x0000000081800000, 0x0000000100000000)
  region size 1024K, 9 young (9216K), 0 survivors (0K)
 Metaspace       used 8753K, capacity 8895K, committed 9088K, reserved 1056768K
  class space    used 779K, capacity 837K, committed 896K, reserved 1048576K
Heap Regions: E=young(eden), S=young(survivor), O=old, HS=humongous(starts), HC=humongous(continues), CS=collection set, F=free, A=archive, TS=gc time stamp, AC=allocation context, TAMS=top-at-mark-start (previous, next)
|   0|0x0000000081800000, 0x0000000081800000, 0x0000000081900000|  0%| F|  |TS  0|AC  0|TAMS 0x0000000081800000, 0x0000000081800000|
|   1|0x0000000081900000, 0x0000000081900000, 0x0000000081a00000|  0%| F|  |TS  0|AC  0|TAMS 0x0000000081900000, 0x0000000081900000|
|   2|0x0000000081a00000, 0x0000000081a00000, 0x0000000081b00000|  0%| F|  |TS  0|AC  0|TAMS 0x0000000081a00000, 0x0000000081a00000|
|   3|0x0000000081b00000, 0x0000000081b00000, 0x0000000081c00000|  0%| F|  |TS  0|AC  0|TAMS 0x0000000081b00000, 0x0000000081b00000|
|   4|0x0000000081c00000, 0x0000000081c00000, 0x0000000081d00000|  0%| F|  |TS  0|AC  0|TAMS 0x0000000081c00000, 0x0000000081c00000|
|   5|0x0000000081d00000, 0x0000000081d00000, 0x0000000081e00000|  0%| F|  |TS  0|AC  0|TAMS 0x0000000081d00000, 0x0000000081d00000|
|   6|0x0000000081e00000, 0x0000000081e00000, 0x0000000081f00000|  0%| F|  |TS  0|AC  0|TAMS 0x0000000081e00000, 0x0000000081e00000|
|   7|0x0000000081f00000, 0x0000000081f00000, 0x0000000082000000|  0%| F|  |TS  0|AC  0|TAMS 0x0000000081f00000, 0x0000000081f00000|
|   8|0x0000000082000000, 0x0000000082000000, 0x0000000082100000|  0%| F|  |TS  0|AC  0|TAMS 0x0000000082000000, 0x0000000082000000|
|   9|0x0000000082100000, 0x0000000082100000, 0x0000000082200000|  0%| F|  |TS  0|AC  0|TAMS 0x0000000082100000, 0x0000000082100000|
|  10|0x0000000082200000, 0x0000000082200000, 0x0000000082300000|  0%| F|  |TS  0|AC  0|TAMS 0x0000000082200000, 0x0000000082200000|
|  11|0x0000000082300000, 0x0000000082300000, 0x0000000082400000|  0%| F|  |TS  0|AC  0|TAMS 0x0000000082300000, 0x0000000082300000|
|  12|0x0000000082400000, 0x0000000082400000, 0x0000000082500000|  0%| F|  |TS  0|AC  0|TAMS 0x0000000082400000, 0x0000000082400000|
|  13|0x0000000082500000, 0x0000000082500000, 0x0000000082600000|  0%| F|  |TS  0|AC  0|TAMS 0x0000000082500000, 0x0000000082500000|
|  14|0x0000000082600000, 0x0000000082600000, 0x0000000082700000|  0%| F|  |TS  0|AC  0|TAMS 0x0000000082600000, 0x0000000082600000|
|  15|0x0000000082700000, 0x0000000082700000, 0x0000000082800000|  0%| F|  |TS  0|AC  0|TAMS 0x0000000082700000, 0x0000000082700000|
|  16|0x0000000082800000, 0x0000000082800000, 0x0000000082900000|  0%| F|  |TS  0|AC  0|TAMS 0x0000000082800000, 0x0000000082800000|
|  17|0x0000000082900000, 0x0000000082900000, 0x0000000082a00000|  0%| F|  |TS  0|AC  0|TAMS 0x0000000082900000, 0x0000000082900000|
|  18|0x0000000082a00000, 0x0000000082a00000, 0x0000000082b00000|  0%| F|  |TS  0|AC  0|TAMS 0x0000000082a00000, 0x0000000082a00000|
|  19|0x0000000082b00000, 0x0000000082b00000, 0x0000000082c00000|  0%| F|  |TS  0|AC  0|TAMS 0x0000000082b00000, 0x0000000082b00000|
|  20|0x0000000082c00000, 0x0000000082c00000, 0x0000000082d00000|  0%| F|  |TS  0|AC  0|TAMS 0x0000000082c00000, 0x0000000082c00000|
|  21|0x0000000082d00000, 0x0000000082d00000, 0x0000000082e00000|  0%| F|  |TS  0|AC  0|TAMS 0x0000000082d00000, 0x0000000082d00000|
|  22|0x0000000082e00000, 0x0000000082e00000, 0x0000000082f00000|  0%| F|  |TS  0|AC  0|TAMS 0x0000000082e00000, 0x0000000082e00000|
|  23|0x0000000082f00000, 0x0000000082f00000, 0x0000000083000000|  0%| F|  |TS  0|AC  0|TAMS 0x0000000082f00000, 0x0000000082f00000|
|  24|0x0000000083000000, 0x0000000083000000, 0x0000000083100000|  0%| F|  |TS  0|AC  0|TAMS 0x0000000083000000, 0x0000000083000000|
|  25|0x0000000083100000, 0x0000000083100000, 0x0000000083200000|  0%| F|  |TS  0|AC  0|TAMS 0x0000000083100000, 0x0000000083100000|
|  26|0x0000000083200000, 0x0000000083200000, 0x0000000083300000|  0%| F|  |TS  0|AC  0|TAMS 0x0000000083200000, 0x0000000083200000|
|  27|0x0000000083300000, 0x0000000083300000, 0x0000000083400000|  0%| F|  |TS  0|AC  0|TAMS 0x0000000083300000, 0x0000000083300000|
|  28|0x0000000083400000, 0x0000000083400000, 0x0000000083500000|  0%| F|  |TS  0|AC  0|TAMS 0x0000000083400000, 0x0000000083400000|
|  29|0x0000000083500000, 0x0000000083500000, 0x0000000083600000|  0%| F|  |TS  0|AC  0|TAMS 0x0000000083500000, 0x0000000083500000|
|  30|0x0000000083600000, 0x0000000083600000, 0x0000000083700000|  0%| F|  |TS  0|AC  0|TAMS 0x0000000083600000, 0x0000000083600000|
|  31|0x0000000083700000, 0x0000000083700000, 0x0000000083800000|  0%| F|  |TS  0|AC  0|TAMS 0x0000000083700000, 0x0000000083700000|
|  32|0x0000000083800000, 0x0000000083800000, 0x0000000083900000|  0%| F|  |TS  0|AC  0|TAMS 0x0000000083800000, 0x0000000083800000|
|  33|0x0000000083900000, 0x0000000083900000, 0x0000000083a00000|  0%| F|  |TS  0|AC  0|TAMS 0x0000000083900000, 0x0000000083900000|
|  34|0x0000000083a00000, 0x0000000083a00000, 0x0000000083b00000|  0%| F|  |TS  0|AC  0|TAMS 0x0000000083a00000, 0x0000000083a00000|
|  35|0x0000000083b00000, 0x0000000083b00000, 0x0000000083c00000|  0%| F|  |TS  0|AC  0|TAMS 0x0000000083b00000, 0x0000000083b00000|
|  36|0x0000000083c00000, 0x0000000083c00000, 0x0000000083d00000|  0%| F|  |TS  0|AC  0|TAMS 0x0000000083c00000, 0x0000000083c00000|
|  37|0x0000000083d00000, 0x0000000083d00000, 0x0000000083e00000|  0%| F|  |TS  0|AC  0|TAMS 0x0000000083d00000, 0x0000000083d00000|
|  38|0x0000000083e00000, 0x0000000083e00000, 0x0000000083f00000|  0%| F|  |TS  0|AC  0|TAMS 0x0000000083e00000, 0x0000000083e00000|
|  39|0x0000000083f00000, 0x0000000083f00000, 0x0000000084000000|  0%| F|  |TS  0|AC  0|TAMS 0x0000000083f00000, 0x0000000083f00000|
|  40|0x0000000084000000, 0x0000000084000000, 0x0000000084100000|  0%| F|  |TS  0|AC  0|TAMS 0x0000000084000000, 0x0000000084000000|
|  41|0x0000000084100000, 0x0000000084100000, 0x0000000084200000|  0%| F|  |TS  0|AC  0|TAMS 0x0000000084100000, 0x0000000084100000|
|  42|0x0000000084200000, 0x0000000084200000, 0x0000000084300000|  0%| F|  |TS  0|AC  0|TAMS 0x0000000084200000, 0x0000000084200000|
|  43|0x0000000084300000, 0x0000000084300000, 0x0000000084400000|  0%| F|  |TS  0|AC  0|TAMS 0x0000000084300000, 0x0000000084300000|
|  44|0x0000000084400000, 0x0000000084400000, 0x0000000084500000|  0%| F|  |TS  0|AC  0|TAMS 0x0000000084400000, 0x0000000084400000|
|  45|0x0000000084500000, 0x0000000084500000, 0x0000000084600000|  0%| F|  |TS  0|AC  0|TAMS 0x0000000084500000, 0x0000000084500000|
|  46|0x0000000084600000, 0x0000000084600000, 0x0000000084700000|  0%| F|  |TS  0|AC  0|TAMS 0x0000000084600000, 0x0000000084600000|
|  47|0x0000000084700000, 0x0000000084700000, 0x0000000084800000|  0%| F|  |TS  0|AC  0|TAMS 0x0000000084700000, 0x0000000084700000|
|  48|0x0000000084800000, 0x0000000084800000, 0x0000000084900000|  0%| F|  |TS  0|AC  0|TAMS 0x0000000084800000, 0x0000000084800000|
|  49|0x0000000084900000, 0x0000000084900000, 0x0000000084a00000|  0%| F|  |TS  0|AC  0|TAMS 0x0000000084900000, 0x0000000084900000|
|  50|0x0000000084a00000, 0x0000000084a00000, 0x0000000084b00000|  0%| F|  |TS  0|AC  0|TAMS 0x0000000084a00000, 0x0000000084a00000|
|  51|0x0000000084b00000, 0x0000000084b00000, 0x0000000084c00000|  0%| F|  |TS  0|AC  0|TAMS 0x0000000084b00000, 0x0000000084b00000|
|  52|0x0000000084c00000, 0x0000000084c00000, 0x0000000084d00000|  0%| F|  |TS  0|AC  0|TAMS 0x0000000084c00000, 0x0000000084c00000|
|  53|0x0000000084d00000, 0x0000000084d00000, 0x0000000084e00000|  0%| F|  |TS  0|AC  0|TAMS 0x0000000084d00000, 0x0000000084d00000|
|  54|0x0000000084e00000, 0x0000000084e00000, 0x0000000084f00000|  0%| F|  |TS  0|AC  0|TAMS 0x0000000084e00000, 0x0000000084e00000|
|  55|0x0000000084f00000, 0x0000000084f00000, 0x0000000085000000|  0%| F|  |TS  0|AC  0|TAMS 0x0000000084f00000, 0x0000000084f00000|
|  56|0x0000000085000000, 0x0000000085000000, 0x0000000085100000|  0%| F|  |TS  0|AC  0|TAMS 0x0000000085000000, 0x0000000085000000|
|  57|0x0000000085100000, 0x0000000085100000, 0x0000000085200000|  0%| F|  |TS  0|AC  0|TAMS 0x0000000085100000, 0x0000000085100000|
|  58|0x0000000085200000, 0x0000000085200000, 0x0000000085300000|  0%| F|  |TS  0|AC  0|TAMS 0x0000000085200000, 0x0000000085200000|
|  59|0x0000000085300000, 0x0000000085300000, 0x0000000085400000|  0%| F|  |TS  0|AC  0|TAMS 0x0000000085300000, 0x0000000085300000|
|  60|0x0000000085400000, 0x0000000085400000, 0x0000000085500000|  0%| F|  |TS  0|AC  0|TAMS 0x0000000085400000, 0x0000000085400000|
|  61|0x0000000085500000, 0x0000000085500000, 0x0000000085600000|  0%| F|  |TS  0|AC  0|TAMS 0x0000000085500000, 0x0000000085500000|
|  62|0x0000000085600000, 0x0000000085600000, 0x0000000085700000|  0%| F|  |TS  0|AC  0|TAMS 0x0000000085600000, 0x0000000085600000|
|  63|0x0000000085700000, 0x0000000085700000, 0x0000000085800000|  0%| F|  |TS  0|AC  0|TAMS 0x0000000085700000, 0x0000000085700000|
|  64|0x0000000085800000, 0x0000000085800000, 0x0000000085900000|  0%| F|  |TS  0|AC  0|TAMS 0x0000000085800000, 0x0000000085800000|
|  65|0x0000000085900000, 0x0000000085900000, 0x0000000085a00000|  0%| F|  |TS  0|AC  0|TAMS 0x0000000085900000, 0x0000000085900000|
|  66|0x0000000085a00000, 0x0000000085a00000, 0x0000000085b00000|  0%| F|  |TS  0|AC  0|TAMS 0x0000000085a00000, 0x0000000085a00000|
|  67|0x0000000085b00000, 0x0000000085b00000, 0x0000000085c00000|  0%| F|  |TS  0|AC  0|TAMS 0x0000000085b00000, 0x0000000085b00000|
|  68|0x0000000085c00000, 0x0000000085c00000, 0x0000000085d00000|  0%| F|  |TS  0|AC  0|TAMS 0x0000000085c00000, 0x0000000085c00000|
|  69|0x0000000085d00000, 0x0000000085d00000, 0x0000000085e00000|  0%| F|  |TS  0|AC  0|TAMS 0x0000000085d00000, 0x0000000085d00000|
|  70|0x0000000085e00000, 0x0000000085e00000, 0x0000000085f00000|  0%| F|  |TS  0|AC  0|TAMS 0x0000000085e00000, 0x0000000085e00000|
|  71|0x0000000085f00000, 0x0000000085f00000, 0x0000000086000000|  0%| F|  |TS  0|AC  0|TAMS 0x0000000085f00000, 0x0000000085f00000|
|  72|0x0000000086000000, 0x0000000086000000, 0x0000000086100000|  0%| F|  |TS  0|AC  0|TAMS 0x0000000086000000, 0x0000000086000000|
|  73|0x0000000086100000, 0x0000000086100000, 0x0000000086200000|  0%| F|  |TS  0|AC  0|TAMS 0x0000000086100000, 0x0000000086100000|
|  74|0x0000000086200000, 0x0000000086200000, 0x0000000086300000|  0%| F|  |TS  0|AC  0|TAMS 0x0000000086200000, 0x0000000086200000|
|  75|0x0000000086300000, 0x0000000086300000, 0x0000000086400000|  0%| F|  |TS  0|AC  0|TAMS 0x0000000086300000, 0x0000000086300000|
|  76|0x0000000086400000, 0x0000000086400000, 0x0000000086500000|  0%| F|  |TS  0|AC  0|TAMS 0x0000000086400000, 0x0000000086400000|
|  77|0x0000000086500000, 0x0000000086500000, 0x0000000086600000|  0%| F|  |TS  0|AC  0|TAMS 0x0000000086500000, 0x0000000086500000|
|  78|0x0000000086600000, 0x0000000086600000, 0x0000000086700000|  0%| F|  |TS  0|AC  0|TAMS 0x0000000086600000, 0x0000000086600000|
|  79|0x0000000086700000, 0x0000000086700000, 0x0000000086800000|  0%| F|  |TS  0|AC  0|TAMS 0x0000000086700000, 0x0000000086700000|
|  80|0x0000000086800000, 0x0000000086800000, 0x0000000086900000|  0%| F|  |TS  0|AC  0|TAMS 0x0000000086800000, 0x0000000086800000|
|  81|0x0000000086900000, 0x0000000086900000, 0x0000000086a00000|  0%| F|  |TS  0|AC  0|TAMS 0x0000000086900000, 0x0000000086900000|
|  82|0x0000000086a00000, 0x0000000086a00000, 0x0000000086b00000|  0%| F|  |TS  0|AC  0|TAMS 0x0000000086a00000, 0x0000000086a00000|
|  83|0x0000000086b00000, 0x0000000086b00000, 0x0000000086c00000|  0%| F|  |TS  0|AC  0|TAMS 0x0000000086b00000, 0x0000000086b00000|
|  84|0x0000000086c00000, 0x0000000086c00000, 0x0000000086d00000|  0%| F|  |TS  0|AC  0|TAMS 0x0000000086c00000, 0x0000000086c00000|
|  85|0x0000000086d00000, 0x0000000086d00000, 0x0000000086e00000|  0%| F|  |TS  0|AC  0|TAMS 0x0000000086d00000, 0x0000000086d00000|
|  86|0x0000000086e00000, 0x0000000086e00000, 0x0000000086f00000|  0%| F|  |TS  0|AC  0|TAMS 0x0000000086e00000, 0x0000000086e00000|
|  87|0x0000000086f00000, 0x0000000086f00000, 0x0000000087000000|  0%| F|  |TS  0|AC  0|TAMS 0x0000000086f00000, 0x0000000086f00000|
|  88|0x0000000087000000, 0x0000000087000000, 0x0000000087100000|  0%| F|  |TS  0|AC  0|TAMS 0x0000000087000000, 0x0000000087000000|
|  89|0x0000000087100000, 0x0000000087100000, 0x0000000087200000|  0%| F|  |TS  0|AC  0|TAMS 0x0000000087100000, 0x0000000087100000|
|  90|0x0000000087200000, 0x0000000087200000, 0x0000000087300000|  0%| F|  |TS  0|AC  0|TAMS 0x0000000087200000, 0x0000000087200000|
|  91|0x0000000087300000, 0x0000000087300000, 0x0000000087400000|  0%| F|  |TS  0|AC  0|TAMS 0x0000000087300000, 0x0000000087300000|
|  92|0x0000000087400000, 0x0000000087400000, 0x0000000087500000|  0%| F|  |TS  0|AC  0|TAMS 0x0000000087400000, 0x0000000087400000|
|  93|0x0000000087500000, 0x0000000087500000, 0x0000000087600000|  0%| F|  |TS  0|AC  0|TAMS 0x0000000087500000, 0x0000000087500000|
|  94|0x0000000087600000, 0x0000000087600000, 0x0000000087700000|  0%| F|  |TS  0|AC  0|TAMS 0x0000000087600000, 0x0000000087600000|
|  95|0x0000000087700000, 0x0000000087700000, 0x0000000087800000|  0%| F|  |TS  0|AC  0|TAMS 0x0000000087700000, 0x0000000087700000|
|  96|0x0000000087800000, 0x0000000087800000, 0x0000000087900000|  0%| F|  |TS  0|AC  0|TAMS 0x0000000087800000, 0x0000000087800000|
|  97|0x0000000087900000, 0x0000000087900000, 0x0000000087a00000|  0%| F|  |TS  0|AC  0|TAMS 0x0000000087900000, 0x0000000087900000|
|  98|0x0000000087a00000, 0x0000000087a00000, 0x0000000087b00000|  0%| F|  |TS  0|AC  0|TAMS 0x0000000087a00000, 0x0000000087a00000|
|  99|0x0000000087b00000, 0x0000000087b00000, 0x0000000087c00000|  0%| F|  |TS  0|AC  0|TAMS 0x0000000087b00000, 0x0000000087b00000|
| 100|0x0000000087c00000, 0x0000000087c00000, 0x0000000087d00000|  0%| F|  |TS  0|AC  0|TAMS 0x0000000087c00000, 0x0000000087c00000|
| 101|0x0000000087d00000, 0x0000000087d00000, 0x0000000087e00000|  0%| F|  |TS  0|AC  0|TAMS 0x0000000087d00000, 0x0000000087d00000|
| 102|0x0000000087e00000, 0x0000000087e00000, 0x0000000087f00000|  0%| F|  |TS  0|AC  0|TAMS 0x0000000087e00000, 0x0000000087e00000|
| 103|0x0000000087f00000, 0x0000000087f00000, 0x0000000088000000|  0%| F|  |TS  0|AC  0|TAMS 0x0000000087f00000, 0x0000000087f00000|
| 104|0x0000000088000000, 0x0000000088000000, 0x0000000088100000|  0%| F|  |TS  0|AC  0|TAMS 0x0000000088000000, 0x0000000088000000|
| 105|0x0000000088100000, 0x0000000088100000, 0x0000000088200000|  0%| F|  |TS  0|AC  0|TAMS 0x0000000088100000, 0x0000000088100000|
| 106|0x0000000088200000, 0x0000000088200000, 0x0000000088300000|  0%| F|  |TS  0|AC  0|TAMS 0x0000000088200000, 0x0000000088200000|
| 107|0x0000000088300000, 0x0000000088300000, 0x0000000088400000|  0%| F|  |TS  0|AC  0|TAMS 0x0000000088300000, 0x0000000088300000|
| 108|0x0000000088400000, 0x0000000088400000, 0x0000000088500000|  0%| F|  |TS  0|AC  0|TAMS 0x0000000088400000, 0x0000000088400000|
| 109|0x0000000088500000, 0x0000000088500000, 0x0000000088600000|  0%| F|  |TS  0|AC  0|TAMS 0x0000000088500000, 0x0000000088500000|
| 110|0x0000000088600000, 0x0000000088600000, 0x0000000088700000|  0%| F|  |TS  0|AC  0|TAMS 0x0000000088600000, 0x0000000088600000|
| 111|0x0000000088700000, 0x0000000088700000, 0x0000000088800000|  0%| F|  |TS  0|AC  0|TAMS 0x0000000088700000, 0x0000000088700000|
| 112|0x0000000088800000, 0x0000000088800000, 0x0000000088900000|  0%| F|  |TS  0|AC  0|TAMS 0x0000000088800000, 0x0000000088800000|
| 113|0x0000000088900000, 0x0000000088900000, 0x0000000088a00000|  0%| F|  |TS  0|AC  0|TAMS 0x0000000088900000, 0x0000000088900000|
| 114|0x0000000088a00000, 0x0000000088a00000, 0x0000000088b00000|  0%| F|  |TS  0|AC  0|TAMS 0x0000000088a00000, 0x0000000088a00000|
| 115|0x0000000088b00000, 0x0000000088b00000, 0x0000000088c00000|  0%| F|  |TS  0|AC  0|TAMS 0x0000000088b00000, 0x0000000088b00000|
| 116|0x0000000088c00000, 0x0000000088c00000, 0x0000000088d00000|  0%| F|  |TS  0|AC  0|TAMS 0x0000000088c00000, 0x0000000088c00000|
| 117|0x0000000088d00000, 0x0000000088d00000, 0x0000000088e00000|  0%| F|  |TS  0|AC  0|TAMS 0x0000000088d00000, 0x0000000088d00000|
| 118|0x0000000088e00000, 0x0000000088e00000, 0x0000000088f00000|  0%| F|  |TS  0|AC  0|TAMS 0x0000000088e00000, 0x0000000088e00000|
| 119|0x0000000088f00000, 0x0000000088ff6480, 0x0000000089000000| 96%| E|  |TS  0|AC  0|TAMS 0x0000000088f00000, 0x0000000088f00000|
| 120|0x0000000089000000, 0x0000000089100000, 0x0000000089100000|100%| E|CS|TS  0|AC  0|TAMS 0x0000000089000000, 0x0000000089000000|
| 121|0x0000000089100000, 0x0000000089200000, 0x0000000089200000|100%| E|CS|TS  0|AC  0|TAMS 0x0000000089100000, 0x0000000089100000|
| 122|0x0000000089200000, 0x0000000089300000, 0x0000000089300000|100%| E|CS|TS  0|AC  0|TAMS 0x0000000089200000, 0x0000000089200000|
| 123|0x0000000089300000, 0x0000000089400000, 0x0000000089400000|100%| E|CS|TS  0|AC  0|TAMS 0x0000000089300000, 0x0000000089300000|
| 124|0x0000000089400000, 0x0000000089500000, 0x0000000089500000|100%| E|CS|TS  0|AC  0|TAMS 0x0000000089400000, 0x0000000089400000|
| 125|0x0000000089500000, 0x0000000089600000, 0x0000000089600000|100%| E|CS|TS  0|AC  0|TAMS 0x0000000089500000, 0x0000000089500000|
| 126|0x0000000089600000, 0x0000000089700000, 0x0000000089700000|100%| E|CS|TS  0|AC  0|TAMS 0x0000000089600000, 0x0000000089600000|
| 127|0x0000000089700000, 0x0000000089800000, 0x0000000089800000|100%| E|CS|TS  0|AC  0|TAMS 0x0000000089700000, 0x0000000089700000|

Card table byte_map: [0x000001b2f87a0000,0x000001b2f8ba0000] byte_map_base: 0x000001b2f8394000

Marking Bits (Prev, Next): (CMBitMap*) 0x000001b2ecd72de0, (CMBitMap*) 0x000001b2ecd72e18
 Prev Bits: [0x000001b2f8fa0000, 0x000001b2faf40000)
 Next Bits: [0x000001b2faf40000, 0x000001b2fcee0000)

Polling page: 0x000001b2eab50000

CodeHeap 'non-profiled nmethods': size=120000Kb used=94Kb max_used=95Kb free=119905Kb
 bounds [0x000001b287ad0000, 0x000001b287d40000, 0x000001b28f000000]
CodeHeap 'profiled nmethods': size=120000Kb used=414Kb max_used=431Kb free=119585Kb
 bounds [0x000001b2805a0000, 0x000001b280810000, 0x000001b287ad0000]
CodeHeap 'non-nmethods': size=5760Kb used=1146Kb max_used=1146Kb free=4613Kb
 bounds [0x000001b280000000, 0x000001b280270000, 0x000001b2805a0000]
 total_blobs=746 nmethods=307 adapters=278
 compilation: enabled

Compilation events (10 events):
Event: 0.892 Thread 0x000001b2ffaa5800  306       3       java.util.zip.ZipFile$Source::isMetaName (141 bytes)
Event: 0.892 Thread 0x000001b2ffaa5800 nmethod 306 0x000001b280609c90 code [0x000001b280609e60, 0x000001b28060a3d8]
Event: 0.895 Thread 0x000001b2ffaa5800  308       3       java.lang.StringLatin1::lastIndexOf (40 bytes)
Event: 0.896 Thread 0x000001b2ffaa5800 nmethod 308 0x000001b28060a590 code [0x000001b28060a760, 0x000001b28060ab58]
Event: 0.897 Thread 0x000001b2ffaa5800  310       3       java.lang.invoke.LambdaForm::forceInterpretation (14 bytes)
Event: 0.897 Thread 0x000001b2ffaa5800 nmethod 310 0x000001b28060ac90 code [0x000001b28060ae40, 0x000001b28060aff8]
Event: 0.897 Thread 0x000001b2ffaa5800  311       1       java.lang.invoke.MethodTypeForm::basicType (5 bytes)
Event: 0.898 Thread 0x000001b2ffaa5800 nmethod 311 0x000001b287ae6990 code [0x000001b287ae6b40, 0x000001b287ae6c58]
Event: 1.359 Thread 0x000001b2ffaa5800  312       3       java.lang.String::substring (58 bytes)
Event: 1.362 Thread 0x000001b2ffaa5800 nmethod 312 0x000001b28060b090 code [0x000001b28060b2c0, 0x000001b28060b9d0]

GC Heap History (0 events):
No events

Deoptimization events (1 events):
Event: 0.458 Thread 0x000001b2eccd1000 Uncommon trap: reason=unstable_if action=reinterpret pc=0x000001b287ad3488 method=java.lang.String.hashCode()I @ 14 c2

Classes redefined (1 events):
Event: 181.921 Thread 0x000001b2ff935000 redefined class name=client.MyTestClient, count=1

Internal exceptions (2 events):
Event: 44.217 Thread 0x000001b2eccd1000 Exception <a 'java/lang/NoSuchMethodError'{0x00000000895e92f8}: method resolution failed> (0x00000000895e92f8) thrown at [t:/workspace/open/src/hotspot/share/prims/methodHandles.cpp, line 1226]
Event: 44.260 Thread 0x000001b2eccd1000 Exception <a 'java/lang/NoSuchMethodError'{0x00000000895fa9b8}: java.lang.Object.lambda$union$2(Ljava/util/regex/Pattern$CharPredicate;I)Z> (0x00000000895fa9b8) thrown at [t:/workspace/open/src/hotspot/share/interpreter/linkResolver.cpp, line 741]

Events (10 events):
Event: 389.294 loading class java/lang/StackStreamFactory$1
Event: 389.294 loading class java/lang/StackStreamFactory$1 done
Event: 389.294 loading class java/lang/StackStreamFactory$StackFrameTraverser$StackFrameBuffer
Event: 389.294 loading class java/lang/StackStreamFactory$FrameBuffer
Event: 389.294 loading class java/lang/StackStreamFactory$FrameBuffer done
Event: 389.294 loading class java/lang/StackStreamFactory$StackFrameTraverser$StackFrameBuffer done
Event: 389.295 loading class java/util/stream/ReferencePipeline$2
Event: 389.295 loading class java/util/stream/ReferencePipeline$2 done
Event: 389.295 loading class java/util/stream/ReferencePipeline$2$1
Event: 389.295 loading class java/util/stream/ReferencePipeline$2$1 done


Dynamic libraries:
0x00007ff7e1780000 - 0x00007ff7e17be000 	C:\Program Files\Java\jdk-10.0.1\bin\javaw.exe
0x00007ffa305b0000 - 0x00007ffa30791000 	C:\WINDOWS\SYSTEM32\ntdll.dll
0x00007ffa2fa90000 - 0x00007ffa2fb42000 	C:\WINDOWS\System32\KERNEL32.DLL
0x00007ffa2cc30000 - 0x00007ffa2cea3000 	C:\WINDOWS\System32\KERNELBASE.dll
0x00007ffa2f780000 - 0x00007ffa2f821000 	C:\WINDOWS\System32\ADVAPI32.dll
0x00007ffa2fec0000 - 0x00007ffa2ff5e000 	C:\WINDOWS\System32\msvcrt.dll
0x00007ffa300c0000 - 0x00007ffa3011b000 	C:\WINDOWS\System32\sechost.dll
0x00007ffa2da40000 - 0x00007ffa2db64000 	C:\WINDOWS\System32\RPCRT4.dll
0x00007ffa2f3a0000 - 0x00007ffa2f530000 	C:\WINDOWS\System32\USER32.dll
0x00007ffa2da20000 - 0x00007ffa2da40000 	C:\WINDOWS\System32\win32u.dll
0x00007ffa2fa00000 - 0x00007ffa2fa28000 	C:\WINDOWS\System32\GDI32.dll
0x00007ffa2cf30000 - 0x00007ffa2d0c2000 	C:\WINDOWS\System32\gdi32full.dll
0x00007ffa2cb90000 - 0x00007ffa2cc2f000 	C:\WINDOWS\System32\msvcp_win.dll
0x00007ffa2ca30000 - 0x00007ffa2cb2a000 	C:\WINDOWS\System32\ucrtbase.dll
0x00007ffa18b90000 - 0x00007ffa18df9000 	C:\WINDOWS\WinSxS\amd64_microsoft.windows.common-controls_6595b64144ccf1df_6.0.17134.228_none_fb4599993062b194\COMCTL32.dll
0x00007ffa1dc70000 - 0x00007ffa1dc7a000 	C:\WINDOWS\SYSTEM32\VERSION.dll
0x00007ffa2efe0000 - 0x00007ffa2f303000 	C:\WINDOWS\System32\combase.dll
0x00007ffa2ceb0000 - 0x00007ffa2cf2a000 	C:\WINDOWS\System32\bcryptPrimitives.dll
0x00007ffa2db70000 - 0x00007ffa2db9d000 	C:\WINDOWS\System32\IMM32.DLL
0x00007ffa002c0000 - 0x00007ffa003af000 	C:\Program Files\Java\jdk-10.0.1\bin\msvcr120.dll
0x00007ffa00210000 - 0x00007ffa002b6000 	C:\Program Files\Java\jdk-10.0.1\bin\msvcp120.dll
0x0000000055be0000 - 0x0000000056650000 	C:\Program Files\Java\jdk-10.0.1\bin\server\jvm.dll
0x00007ffa30120000 - 0x00007ffa30128000 	C:\WINDOWS\System32\PSAPI.DLL
0x00007ffa18650000 - 0x00007ffa18659000 	C:\WINDOWS\SYSTEM32\WSOCK32.dll
0x00007ffa2a630000 - 0x00007ffa2a653000 	C:\WINDOWS\SYSTEM32\WINMM.dll
0x00007ffa2f330000 - 0x00007ffa2f39c000 	C:\WINDOWS\System32\WS2_32.dll
0x00007ffa2a1e0000 - 0x00007ffa2a20a000 	C:\WINDOWS\SYSTEM32\WINMMBASE.dll
0x00007ffa2d7e0000 - 0x00007ffa2d829000 	C:\WINDOWS\System32\cfgmgr32.dll
0x00007ffa28ed0000 - 0x00007ffa28edf000 	C:\Program Files\Java\jdk-10.0.1\bin\verify.dll
0x00007ffa2c410000 - 0x00007ffa2c5d9000 	C:\WINDOWS\SYSTEM32\DBGHELP.DLL
0x00007ffa2c1b0000 - 0x00007ffa2c1d9000 	C:\WINDOWS\SYSTEM32\dbgcore.DLL
0x00007ffa09af0000 - 0x00007ffa09b17000 	C:\Program Files\Java\jdk-10.0.1\bin\java.dll
0x00007ffa036c0000 - 0x00007ffa036f6000 	C:\Program Files\Java\jdk-10.0.1\bin\jdwp.dll
0x00007ffa0fdc0000 - 0x00007ffa0fdd6000 	C:\Program Files\Java\jdk-10.0.1\bin\zip.dll
0x00007ffa19030000 - 0x00007ffa1903a000 	C:\Program Files\Java\jdk-10.0.1\bin\jimage.dll
0x00007ffa2dba0000 - 0x00007ffa2efe0000 	C:\WINDOWS\System32\SHELL32.dll
0x00007ffa2f530000 - 0x00007ffa2f5d9000 	C:\WINDOWS\System32\shcore.dll
0x00007ffa2d0d0000 - 0x00007ffa2d7dd000 	C:\WINDOWS\System32\windows.storage.dll
0x00007ffa2fa30000 - 0x00007ffa2fa81000 	C:\WINDOWS\System32\shlwapi.dll
0x00007ffa2c8c0000 - 0x00007ffa2c8d1000 	C:\WINDOWS\System32\kernel.appcore.dll
0x00007ffa2c8e0000 - 0x00007ffa2c8ff000 	C:\WINDOWS\System32\profapi.dll
0x00007ffa2c930000 - 0x00007ffa2c97c000 	C:\WINDOWS\System32\powrprof.dll
0x00007ffa2c900000 - 0x00007ffa2c90a000 	C:\WINDOWS\System32\FLTLIB.DLL
0x00007ffa18470000 - 0x00007ffa1847a000 	C:\Program Files\Java\jdk-10.0.1\bin\dt_socket.dll
0x00007ffa2bd80000 - 0x00007ffa2bde6000 	C:\WINDOWS\System32\mswsock.dll
0x00007ffa2bb40000 - 0x00007ffa2bbfe000 	C:\WINDOWS\SYSTEM32\DNSAPI.dll
0x00007ffa2f320000 - 0x00007ffa2f328000 	C:\WINDOWS\System32\NSI.dll
0x00007ffa2bb00000 - 0x00007ffa2bb38000 	C:\WINDOWS\SYSTEM32\IPHLPAPI.DLL
0x0000000057580000 - 0x00000000575b5000 	c:\Program Files\Bonjour\mdnsNSP.dll
0x00007ffa1fb70000 - 0x00007ffa1fbe2000 	C:\WINDOWS\System32\fwpuclnt.dll
0x00007ffa2c1e0000 - 0x00007ffa2c205000 	C:\WINDOWS\SYSTEM32\bcrypt.dll
0x00007ffa1f530000 - 0x00007ffa1f53a000 	C:\Windows\System32\rasadhlp.dll
0x00007ffa0f9b0000 - 0x00007ffa0f9ca000 	C:\Program Files\Java\jdk-10.0.1\bin\net.dll
0x00007ffa25760000 - 0x00007ffa2583c000 	C:\WINDOWS\SYSTEM32\WINHTTP.dll
0x00007ffa0a760000 - 0x00007ffa0a771000 	C:\Program Files\Java\jdk-10.0.1\bin\nio.dll

dbghelp: loaded successfully - version: 4.0.5 - missing functions: none
symbol engine: initialized successfully - sym options: 0x614 - pdb path: .;C:\Program Files\Java\jdk-10.0.1\bin;C:\WINDOWS\SYSTEM32;C:\WINDOWS\WinSxS\amd64_microsoft.windows.common-controls_6595b64144ccf1df_6.0.17134.228_none_fb4599993062b194;C:\Program Files\Java\jdk-10.0.1\bin\server;c:\Program Files\Bonjour

VM Arguments:
jvm_args: -agentlib:jdwp=transport=dt_socket,suspend=y,address=localhost:58780 -Dfile.encoding=Cp1252 
java_command: client.MyTestClient
java_class_path (initial): C:\Users\Duy Linh Nguyen\Documents\School\Semester 2 2018\COSC2391 - Software Arch Design & Implem\A1\CardGame.zip_expanded\CardGame\bin;C:\Users\Duy Linh Nguyen\.p2\pool\plugins\org.junit_4.12.0.v201504281640\junit.jar;C:\Users\Duy Linh Nguyen\.p2\pool\plugins\org.hamcrest.core_1.3.0.v201303031735.jar;C:\Users\Duy Linh Nguyen\Documents\School\Semester 2 2018\COSC2391 - Software Arch Design & Implem\A1\CardGame.zip_expanded\CardGame\lib\Validator.jar
Launcher Type: SUN_STANDARD

Logging:
Log output configuration:
#0: stdout all=warning uptime,level,tags
#1: stderr all=off uptime,level,tags

Environment Variables:
PATH=C:\Program Files (x86)\Intel\Intel(R) Management Engine Components\iCLS\;C:\Program Files\Intel\Intel(R) Management Engine Components\iCLS\;C:\Program Files (x86)\Common Files\Oracle\Java\javapath;C:\WINDOWS\system32;C:\WINDOWS;C:\WINDOWS\System32\Wbem;C:\WINDOWS\System32\WindowsPowerShell\v1.0\;C:\Program Files\Git\cmd;C:\Program Files (x86)\Intel\Intel(R) Management Engine Components\DAL;C:\Program Files\Intel\Intel(R) Management Engine Components\DAL;C:\Program Files (x86)\Intel\Intel(R) Management Engine Components\IPT;C:\Program Files\Intel\Intel(R) Management Engine Components\IPT;C:\WINDOWS\System32\OpenSSH\;C:\Program Files (x86)\Gpg4win\..\GnuPG\bin;C:\metasploit-framework\bin\;C:\Users\Duy Linh Nguyen\AppData\Local\Microsoft\WindowsApps;C:\Users\Duy Linh Nguyen\AppData\Local\atom\bin;%USERPROFILE%\AppData\Local\Microsoft\WindowsApps;
USERNAME=Duy Linh Nguyen
OS=Windows_NT
PROCESSOR_IDENTIFIER=Intel64 Family 6 Model 142 Stepping 10, GenuineIntel



---------------  S Y S T E M  ---------------

OS: Windows 10 , 64 bit Build 17134 (10.0.17134.1)

CPU:total 8 (initial active 8) (4 cores per cpu, 2 threads per core) family 6 model 142 stepping 10, cmov, cx8, fxsr, mmx, sse, sse2, sse3, ssse3, sse4.1, sse4.2, popcnt, avx, avx2, aes, clmul, erms, 3dnowpref, lzcnt, ht, tsc, tscinvbit, bmi1, bmi2, adx, fma

Memory: 4k page, physical 8282800k(2586624k free), swap 11821744k(1622676k free)

vm_info: Java HotSpot(TM) 64-Bit Server VM (10.0.1+10) for windows-amd64 JRE (10.0.1+10), built on Mar 27 2018 02:27:48 by "mach5one" with MS VC++ 12.0 (VS2013)

END.
