#
# A fatal error has been detected by the Java Runtime Environment:
#
#  EXCEPTION_ACCESS_VIOLATION (0xc0000005) at pc=0x00000000561d9792, pid=8284, tid=12712
#
# JRE version: Java(TM) SE Runtime Environment (10.0.1+10) (build 10.0.1+10)
# Java VM: Java HotSpot(TM) 64-Bit Server VM (10.0.1+10, mixed mode, tiered, compressed oops, g1 gc, windows-amd64)
# Problematic frame:
# V  [jvm.dll+0x5f9792]
#
# No core dump will be written. Minidumps are not enabled by default on client versions of Windows
#
# If you would like to submit a bug report, please visit:
#   http://bugreport.java.com/bugreport/crash.jsp
#

---------------  S U M M A R Y ------------

Command Line: -agentlib:jdwp=transport=dt_socket,suspend=y,address=localhost:59324 -Dfile.encoding=Cp1252 client.MyTestClient

Host: Intel(R) Core(TM) i5-8250U CPU @ 1.60GHz, 8 cores, 7G,  Windows 10 , 64 bit Build 17134 (10.0.17134.1)
Time: Mon Aug 20 17:32:59 2018 AUS Eastern Standard Time elapsed time: 752 seconds (0d 0h 12m 32s)

---------------  T H R E A D  ---------------

Current thread (0x0000020fadd03000):  JavaThread "main" [_thread_in_vm, id=12712, stack(0x000000d6ead00000,0x000000d6eae00000)]

Stack: [0x000000d6ead00000,0x000000d6eae00000],  sp=0x000000d6eadfc820,  free space=1010k
Native frames: (J=compiled Java code, j=interpreted, Vv=VM code, C=native code)
V  [jvm.dll+0x5f9792]
V  [jvm.dll+0x372e6b]
V  [jvm.dll+0x4a7b26]
V  [jvm.dll+0x4a2dc5]
V  [jvm.dll+0x3759e9]
V  [jvm.dll+0x6280a8]
V  [jvm.dll+0x6284bf]
V  [jvm.dll+0x627fd7]
V  [jvm.dll+0x3e8dbf]
C  0x0000020fb90a5f16

Java frames: (J=compiled Java code, j=interpreted, Vv=VM code)
j  java.lang.StackStreamFactory$AbstractStackWalker.fetchStackFrames(JJII[Ljava/lang/Object;)I+0 java.base@10.0.1
j  java.lang.StackStreamFactory$AbstractStackWalker.fetchStackFrames(I)I+35 java.base@10.0.1
j  java.lang.StackStreamFactory$AbstractStackWalker.getNextBatch()I+61 java.base@10.0.1
j  java.lang.StackStreamFactory$AbstractStackWalker.peekFrame()Ljava/lang/Class;+32 java.base@10.0.1
j  java.lang.StackStreamFactory$AbstractStackWalker.hasNext()Z+1 java.base@10.0.1
j  java.lang.StackStreamFactory$StackFrameTraverser.tryAdvance(Ljava/util/function/Consumer;)Z+16 java.base@10.0.1
j  java.util.stream.ReferencePipeline.forEachWithCancel(Ljava/util/Spliterator;Ljava/util/stream/Sink;)Z+13 java.base@10.0.1
j  java.util.stream.AbstractPipeline.copyIntoWithCancel(Ljava/util/stream/Sink;Ljava/util/Spliterator;)Z+32 java.base@10.0.1
j  java.util.stream.AbstractPipeline.copyInto(Ljava/util/stream/Sink;Ljava/util/Spliterator;)V+49 java.base@10.0.1
j  java.util.stream.AbstractPipeline.wrapAndCopyInto(Ljava/util/stream/Sink;Ljava/util/Spliterator;)Ljava/util/stream/Sink;+13 java.base@10.0.1
j  java.util.stream.FindOps$FindOp.evaluateSequential(Ljava/util/stream/PipelineHelper;Ljava/util/Spliterator;)Ljava/lang/Object;+14 java.base@10.0.1
j  java.util.stream.AbstractPipeline.evaluate(Ljava/util/stream/TerminalOp;)Ljava/lang/Object;+88 java.base@10.0.1
j  java.util.stream.ReferencePipeline.findFirst()Ljava/util/Optional;+5 java.base@10.0.1
j  java.util.logging.LogRecord$CallerFinder.lambda$get$1(Ljava/util/stream/Stream;)Ljava/util/Optional;+7 java.logging@10.0.1
j  java.util.logging.LogRecord$CallerFinder$$Lambda$22.apply(Ljava/lang/Object;)Ljava/lang/Object;+8 java.logging@10.0.1
j  java.lang.StackStreamFactory$StackFrameTraverser.consumeFrames()Ljava/lang/Object;+25 java.base@10.0.1
j  java.lang.StackStreamFactory$AbstractStackWalker.doStackWalk(JIIII)Ljava/lang/Object;+78 java.base@10.0.1
v  ~StubRoutines::call_stub
j  java.lang.StackStreamFactory$AbstractStackWalker.callStackWalk(JIII[Ljava/lang/Object;)Ljava/lang/Object;+0 java.base@10.0.1
j  java.lang.StackStreamFactory$AbstractStackWalker.beginStackWalk()Ljava/lang/Object;+31 java.base@10.0.1
j  java.lang.StackStreamFactory$AbstractStackWalker.walk()Ljava/lang/Object;+8 java.base@10.0.1
j  java.lang.StackWalker.walk(Ljava/util/function/Function;)Ljava/lang/Object;+10 java.base@10.0.1
j  java.util.logging.LogRecord$CallerFinder.get()Ljava/util/Optional;+9 java.logging@10.0.1
j  java.util.logging.LogRecord.inferCaller()V+12 java.logging@10.0.1
j  java.util.logging.LogRecord.getSourceClassName()Ljava/lang/String;+8 java.logging@10.0.1
j  java.util.logging.SimpleFormatter.format(Ljava/util/logging/LogRecord;)Ljava/lang/String;+12 java.logging@10.0.1
j  java.util.logging.StreamHandler.publish(Ljava/util/logging/LogRecord;)V+14 java.logging@10.0.1
j  java.util.logging.ConsoleHandler.publish(Ljava/util/logging/LogRecord;)V+2 java.logging@10.0.1
j  java.util.logging.Logger.log(Ljava/util/logging/LogRecord;)V+90 java.logging@10.0.1
j  java.util.logging.Logger.doLog(Ljava/util/logging/LogRecord;)V+46 java.logging@10.0.1
j  java.util.logging.Logger.log(Ljava/util/logging/Level;Ljava/lang/String;)V+21 java.logging@10.0.1
j  view.GameEngineCallbackImpl.result(Lmodel/interfaces/Player;ILmodel/interfaces/GameEngine;)V+49
j  model.GameEngineImpl.dealPlayer(Lmodel/interfaces/Player;I)V+84
j  client.MyTestClient.main([Ljava/lang/String;)V+118
v  ~StubRoutines::call_stub

siginfo: EXCEPTION_ACCESS_VIOLATION (0xc0000005), reading address 0x0000000000000008


Register to memory mapping:

RIP=0x00000000561d9792 jvm.dll
RAX=0x0000000000000010 is an unknown value
RBX=0x0000020fadcff760 is an unknown value
RCX=0x0000000088d20f38 is an oop
java.lang.invoke.ResolvedMethodName 
{0x0000000088d20f38} - klass: 'java/lang/invoke/ResolvedMethodName'
RDX=0x0000000000000010 is an unknown value
RSP=0x000000d6eadfc820 is pointing into the stack for thread: 0x0000020fadd03000
RBP=0x0000020fadd03000 is a thread
RSI=0x0000000000000000 is an unknown value
RDI=0x0000000000000000 is an unknown value
R8 =0x0000000000000000 is an unknown value
R9 ={method} {0x0000020fcffb1888} 'getAllPlayers' '()Ljava/util/Collection;' in 'model/GameEngineImpl'
R10=0x000000000000000c is an unknown value
R11=0x000000000000000b is an unknown value
R12=0x0000020fadd03000 is a thread
R13=0x000000010009a430 is pointing into metadata
R14=0x000000d6eadfc940 is pointing into the stack for thread: 0x0000020fadd03000
R15=0x0000000000000000 is an unknown value


Registers:
RAX=0x0000000000000010, RBX=0x0000020fadcff760, RCX=0x0000000088d20f38, RDX=0x0000000000000010
RSP=0x000000d6eadfc820, RBP=0x0000020fadd03000, RSI=0x0000000000000000, RDI=0x0000000000000000
R8 =0x0000000000000000, R9 =0x0000020fcffb1880, R10=0x000000000000000c, R11=0x000000000000000b
R12=0x0000020fadd03000, R13=0x000000010009a430, R14=0x000000d6eadfc940, R15=0x0000000000000000
RIP=0x00000000561d9792, EFLAGS=0x0000000000010206

Top of Stack: (sp=0x000000d6eadfc820)
0x000000d6eadfc820:   0000020fadcff760 000000d6eadfc8a0
0x000000d6eadfc830:   0000020fadd03000 0000000000000000
0x000000d6eadfc840:   0000000088d20f38 0000000055f52e6b
0x000000d6eadfc850:   0000020fd0d181d8 0000020fadd03000
0x000000d6eadfc860:   000000d6eadfc8a0 0000000000000000
0x000000d6eadfc870:   0000020fadcf4150 0000000056087b26
0x000000d6eadfc880:   0000000000000000 0000020fcffacf40
0x000000d6eadfc890:   0000000000000000 00000000cfc5c248
0x000000d6eadfc8a0:   0000020fcffacf40 0000020fadd03000
0x000000d6eadfc8b0:   0000020fabb00ad8 0000000056082dc5
0x000000d6eadfc8c0:   000000d6eadfc940 000000010009a430
0x000000d6eadfc8d0:   0000020fcffacf40 0000000000000009
0x000000d6eadfc8e0:   0000020fcffacf40 0000020fadd03000
0x000000d6eadfc8f0:   0000000000000000 000000d6eadfca40
0x000000d6eadfc900:   0000000000000004 0000020fadd03000
0x000000d6eadfc910:   0000000000000000 0000000055f559e9 

Instructions: (pc=0x00000000561d9792)
0x00000000561d9772:   e8 f9 d4 d5 ff 48 8b cf 48 8b f0 48 8b 44 24 30
0x00000000561d9782:   48 85 c0 74 03 48 8b 08 48 8b d6 e8 ee c7 d7 ff
0x00000000561d9792:   48 8b 46 08 48 8b 48 08 48 8b 41 18 b9 00 80 00
0x00000000561d97a2:   00 66 09 88 1a 01 00 00 48 8b 44 24 30 48 85 c0 



---------------  P R O C E S S  ---------------

Threads class SMR info:
_java_thread_list=0x0000020fd04d6f40, length=15, elements={
0x0000020fadd03000, 0x0000020fcf960000, 0x0000020fcf969000, 0x0000020fcf97b000,
0x0000020fcf97c000, 0x0000020fcf97c800, 0x0000020fcf97d800, 0x0000020fd02b7000,
0x0000020fd02c4000, 0x0000020fd0308000, 0x0000020fd04b2800, 0x0000020fd04b3800,
0x0000020fd04b4800, 0x0000020fd04d1000, 0x0000020fd04d2000
}

Java Threads: ( => current thread )
=>0x0000020fadd03000 JavaThread "main" [_thread_in_vm, id=12712, stack(0x000000d6ead00000,0x000000d6eae00000)]
  0x0000020fcf960000 JavaThread "Reference Handler" daemon [_thread_blocked, id=20960, stack(0x000000d6ec300000,0x000000d6ec400000)]
  0x0000020fcf969000 JavaThread "Finalizer" daemon [_thread_blocked, id=20964, stack(0x000000d6ec400000,0x000000d6ec500000)]
  0x0000020fcf97b000 JavaThread "Signal Dispatcher" daemon [_thread_blocked, id=17512, stack(0x000000d6ec500000,0x000000d6ec600000)]
  0x0000020fcf97c000 JavaThread "Attach Listener" daemon [_thread_blocked, id=13716, stack(0x000000d6ec600000,0x000000d6ec700000)]
  0x0000020fcf97c800 JavaThread "C2 CompilerThread0" daemon [_thread_blocked, id=18940, stack(0x000000d6ec700000,0x000000d6ec800000)]
  0x0000020fcf97d800 JavaThread "C2 CompilerThread1" daemon [_thread_blocked, id=13000, stack(0x000000d6ec800000,0x000000d6ec900000)]
  0x0000020fd02b7000 JavaThread "C2 CompilerThread2" daemon [_thread_blocked, id=20984, stack(0x000000d6ec900000,0x000000d6eca00000)]
  0x0000020fd02c4000 JavaThread "C1 CompilerThread3" daemon [_thread_blocked, id=21236, stack(0x000000d6eca00000,0x000000d6ecb00000)]
  0x0000020fd0308000 JavaThread "Sweeper thread" daemon [_thread_blocked, id=16380, stack(0x000000d6ecb00000,0x000000d6ecc00000)]
  0x0000020fd04b2800 JavaThread "JDWP Transport Listener: dt_socket" daemon [_thread_blocked, id=21224, stack(0x000000d6ecc00000,0x000000d6ecd00000)]
  0x0000020fd04b3800 JavaThread "JDWP Event Helper Thread" daemon [_thread_blocked, id=20820, stack(0x000000d6ecd00000,0x000000d6ece00000)]
  0x0000020fd04b4800 JavaThread "JDWP Command Reader" daemon [_thread_in_native, id=12800, stack(0x000000d6ece00000,0x000000d6ecf00000)]
  0x0000020fd04d1000 JavaThread "Service Thread" daemon [_thread_blocked, id=10132, stack(0x000000d6ecf00000,0x000000d6ed000000)]
  0x0000020fd04d2000 JavaThread "Common-Cleaner" daemon [_thread_blocked, id=21292, stack(0x000000d6ed000000,0x000000d6ed100000)]

Other Threads:
  0x0000020fcf958800 VMThread "VM Thread" [stack: 0x000000d6ec200000,0x000000d6ec300000] [id=17428]
  0x0000020fd04d8000 WatcherThread [stack: 0x000000d6ed100000,0x000000d6ed200000] [id=20940]
  0x0000020fadd1a800 GCTaskThread "GC Thread#0" [stack: 0x000000d6eae00000,0x000000d6eaf00000] [id=21140]
  0x0000020fadd1d000 GCTaskThread "GC Thread#1" [stack: 0x000000d6eaf00000,0x000000d6eb000000] [id=21316]
  0x0000020fadd1f800 GCTaskThread "GC Thread#2" [stack: 0x000000d6eb000000,0x000000d6eb100000] [id=20484]
  0x0000020fadd24800 GCTaskThread "GC Thread#3" [stack: 0x000000d6eb100000,0x000000d6eb200000] [id=688]
  0x0000020fadd28800 GCTaskThread "GC Thread#4" [stack: 0x000000d6eb200000,0x000000d6eb300000] [id=21436]
  0x0000020fadd26800 GCTaskThread "GC Thread#5" [stack: 0x000000d6eb300000,0x000000d6eb400000] [id=17924]
  0x0000020fadd27000 GCTaskThread "GC Thread#6" [stack: 0x000000d6eb400000,0x000000d6eb500000] [id=21136]
  0x0000020fadd23000 GCTaskThread "GC Thread#7" [stack: 0x000000d6eb500000,0x000000d6eb600000] [id=20868]
  0x0000020fadda4000 ConcurrentGCThread "G1 Main Marker" [stack: 0x000000d6eb600000,0x000000d6eb700000] [id=19604]
  0x0000020fadd28000 ConcurrentGCThread "G1 Conc#0" [stack: 0x000000d6eb700000,0x000000d6eb800000] [id=21416]
  0x0000020fadd29000 ConcurrentGCThread "G1 Conc#1" [stack: 0x000000d6eb800000,0x000000d6eb900000] [id=11668]
  0x0000020fcf7cf800 ConcurrentGCThread "G1 Refine#0" [stack: 0x000000d6eb900000,0x000000d6eba00000] [id=20220]
  0x0000020fcf7d1000 ConcurrentGCThread "G1 Refine#1" [stack: 0x000000d6eba00000,0x000000d6ebb00000] [id=11316]
  0x0000020fcf7d1800 ConcurrentGCThread "G1 Refine#2" [stack: 0x000000d6ebb00000,0x000000d6ebc00000] [id=5580]
  0x0000020fcf7d2800 ConcurrentGCThread "G1 Refine#3" [stack: 0x000000d6ebc00000,0x000000d6ebd00000] [id=18356]
  0x0000020fcf7d5000 ConcurrentGCThread "G1 Refine#4" [stack: 0x000000d6ebd00000,0x000000d6ebe00000] [id=18104]
  0x0000020fcf7db000 ConcurrentGCThread "G1 Refine#5" [stack: 0x000000d6ebe00000,0x000000d6ebf00000] [id=18964]
  0x0000020fcf7db800 ConcurrentGCThread "G1 Refine#6" [stack: 0x000000d6ebf00000,0x000000d6ec000000] [id=18768]
  0x0000020fcf7e4000 ConcurrentGCThread "G1 Refine#7" [stack: 0x000000d6ec000000,0x000000d6ec100000] [id=15980]
  0x0000020fcf7ed000 ConcurrentGCThread "G1 Young RemSet Sampling" [stack: 0x000000d6ec100000,0x000000d6ec200000] [id=18076]

Threads with active compile tasks:

VM state:not at safepoint (normal execution)

VM Mutex/Monitor currently owned by a thread:  ([mutex/lock_event])
[0x0000020fadcff760] ResolvedMethodTable_lock - owner thread: 0x0000020fadd03000

Heap address: 0x0000000081800000, size: 2024 MB, Compressed Oops mode: 32-bit
Narrow klass base: 0x0000000000000000, Narrow klass shift: 3
Compressed class space size: 1073741824 Address: 0x0000000100000000

Heap:
 garbage-first heap   total 131072K, used 10240K [0x0000000081800000, 0x0000000100000000)
  region size 1024K, 11 young (11264K), 0 survivors (0K)
 Metaspace       used 8979K, capacity 9191K, committed 9344K, reserved 1058816K
  class space    used 811K, capacity 894K, committed 896K, reserved 1048576K
Heap Regions: E=young(eden), S=young(survivor), O=old, HS=humongous(starts), HC=humongous(continues), CS=collection set, F=free, A=archive, TS=gc time stamp, AC=allocation context, TAMS=top-at-mark-start (previous, next)
|   0|0x0000000081800000, 0x0000000081800000, 0x0000000081900000|  0%| F|  |TS  0|AC  0|TAMS 0x0000000081800000, 0x0000000081800000|
|   1|0x0000000081900000, 0x0000000081900000, 0x0000000081a00000|  0%| F|  |TS  0|AC  0|TAMS 0x0000000081900000, 0x0000000081900000|
|   2|0x0000000081a00000, 0x0000000081a00000, 0x0000000081b00000|  0%| F|  |TS  0|AC  0|TAMS 0x0000000081a00000, 0x0000000081a00000|
|   3|0x0000000081b00000, 0x0000000081b00000, 0x0000000081c00000|  0%| F|  |TS  0|AC  0|TAMS 0x0000000081b00000, 0x0000000081b00000|
|   4|0x0000000081c00000, 0x0000000081c00000, 0x0000000081d00000|  0%| F|  |TS  0|AC  0|TAMS 0x0000000081c00000, 0x0000000081c00000|
|   5|0x0000000081d00000, 0x0000000081d00000, 0x0000000081e00000|  0%| F|  |TS  0|AC  0|TAMS 0x0000000081d00000, 0x0000000081d00000|
|   6|0x0000000081e00000, 0x0000000081e00000, 0x0000000081f00000|  0%| F|  |TS  0|AC  0|TAMS 0x0000000081e00000, 0x0000000081e00000|
|   7|0x0000000081f00000, 0x0000000081f00000, 0x0000000082000000|  0%| F|  |TS  0|AC  0|TAMS 0x0000000081f00000, 0x0000000081f00000|
|   8|0x0000000082000000, 0x0000000082000000, 0x0000000082100000|  0%| F|  |TS  0|AC  0|TAMS 0x0000000082000000, 0x0000000082000000|
|   9|0x0000000082100000, 0x0000000082100000, 0x0000000082200000|  0%| F|  |TS  0|AC  0|TAMS 0x0000000082100000, 0x0000000082100000|
|  10|0x0000000082200000, 0x0000000082200000, 0x0000000082300000|  0%| F|  |TS  0|AC  0|TAMS 0x0000000082200000, 0x0000000082200000|
|  11|0x0000000082300000, 0x0000000082300000, 0x0000000082400000|  0%| F|  |TS  0|AC  0|TAMS 0x0000000082300000, 0x0000000082300000|
|  12|0x0000000082400000, 0x0000000082400000, 0x0000000082500000|  0%| F|  |TS  0|AC  0|TAMS 0x0000000082400000, 0x0000000082400000|
|  13|0x0000000082500000, 0x0000000082500000, 0x0000000082600000|  0%| F|  |TS  0|AC  0|TAMS 0x0000000082500000, 0x0000000082500000|
|  14|0x0000000082600000, 0x0000000082600000, 0x0000000082700000|  0%| F|  |TS  0|AC  0|TAMS 0x0000000082600000, 0x0000000082600000|
|  15|0x0000000082700000, 0x0000000082700000, 0x0000000082800000|  0%| F|  |TS  0|AC  0|TAMS 0x0000000082700000, 0x0000000082700000|
|  16|0x0000000082800000, 0x0000000082800000, 0x0000000082900000|  0%| F|  |TS  0|AC  0|TAMS 0x0000000082800000, 0x0000000082800000|
|  17|0x0000000082900000, 0x0000000082900000, 0x0000000082a00000|  0%| F|  |TS  0|AC  0|TAMS 0x0000000082900000, 0x0000000082900000|
|  18|0x0000000082a00000, 0x0000000082a00000, 0x0000000082b00000|  0%| F|  |TS  0|AC  0|TAMS 0x0000000082a00000, 0x0000000082a00000|
|  19|0x0000000082b00000, 0x0000000082b00000, 0x0000000082c00000|  0%| F|  |TS  0|AC  0|TAMS 0x0000000082b00000, 0x0000000082b00000|
|  20|0x0000000082c00000, 0x0000000082c00000, 0x0000000082d00000|  0%| F|  |TS  0|AC  0|TAMS 0x0000000082c00000, 0x0000000082c00000|
|  21|0x0000000082d00000, 0x0000000082d00000, 0x0000000082e00000|  0%| F|  |TS  0|AC  0|TAMS 0x0000000082d00000, 0x0000000082d00000|
|  22|0x0000000082e00000, 0x0000000082e00000, 0x0000000082f00000|  0%| F|  |TS  0|AC  0|TAMS 0x0000000082e00000, 0x0000000082e00000|
|  23|0x0000000082f00000, 0x0000000082f00000, 0x0000000083000000|  0%| F|  |TS  0|AC  0|TAMS 0x0000000082f00000, 0x0000000082f00000|
|  24|0x0000000083000000, 0x0000000083000000, 0x0000000083100000|  0%| F|  |TS  0|AC  0|TAMS 0x0000000083000000, 0x0000000083000000|
|  25|0x0000000083100000, 0x0000000083100000, 0x0000000083200000|  0%| F|  |TS  0|AC  0|TAMS 0x0000000083100000, 0x0000000083100000|
|  26|0x0000000083200000, 0x0000000083200000, 0x0000000083300000|  0%| F|  |TS  0|AC  0|TAMS 0x0000000083200000, 0x0000000083200000|
|  27|0x0000000083300000, 0x0000000083300000, 0x0000000083400000|  0%| F|  |TS  0|AC  0|TAMS 0x0000000083300000, 0x0000000083300000|
|  28|0x0000000083400000, 0x0000000083400000, 0x0000000083500000|  0%| F|  |TS  0|AC  0|TAMS 0x0000000083400000, 0x0000000083400000|
|  29|0x0000000083500000, 0x0000000083500000, 0x0000000083600000|  0%| F|  |TS  0|AC  0|TAMS 0x0000000083500000, 0x0000000083500000|
|  30|0x0000000083600000, 0x0000000083600000, 0x0000000083700000|  0%| F|  |TS  0|AC  0|TAMS 0x0000000083600000, 0x0000000083600000|
|  31|0x0000000083700000, 0x0000000083700000, 0x0000000083800000|  0%| F|  |TS  0|AC  0|TAMS 0x0000000083700000, 0x0000000083700000|
|  32|0x0000000083800000, 0x0000000083800000, 0x0000000083900000|  0%| F|  |TS  0|AC  0|TAMS 0x0000000083800000, 0x0000000083800000|
|  33|0x0000000083900000, 0x0000000083900000, 0x0000000083a00000|  0%| F|  |TS  0|AC  0|TAMS 0x0000000083900000, 0x0000000083900000|
|  34|0x0000000083a00000, 0x0000000083a00000, 0x0000000083b00000|  0%| F|  |TS  0|AC  0|TAMS 0x0000000083a00000, 0x0000000083a00000|
|  35|0x0000000083b00000, 0x0000000083b00000, 0x0000000083c00000|  0%| F|  |TS  0|AC  0|TAMS 0x0000000083b00000, 0x0000000083b00000|
|  36|0x0000000083c00000, 0x0000000083c00000, 0x0000000083d00000|  0%| F|  |TS  0|AC  0|TAMS 0x0000000083c00000, 0x0000000083c00000|
|  37|0x0000000083d00000, 0x0000000083d00000, 0x0000000083e00000|  0%| F|  |TS  0|AC  0|TAMS 0x0000000083d00000, 0x0000000083d00000|
|  38|0x0000000083e00000, 0x0000000083e00000, 0x0000000083f00000|  0%| F|  |TS  0|AC  0|TAMS 0x0000000083e00000, 0x0000000083e00000|
|  39|0x0000000083f00000, 0x0000000083f00000, 0x0000000084000000|  0%| F|  |TS  0|AC  0|TAMS 0x0000000083f00000, 0x0000000083f00000|
|  40|0x0000000084000000, 0x0000000084000000, 0x0000000084100000|  0%| F|  |TS  0|AC  0|TAMS 0x0000000084000000, 0x0000000084000000|
|  41|0x0000000084100000, 0x0000000084100000, 0x0000000084200000|  0%| F|  |TS  0|AC  0|TAMS 0x0000000084100000, 0x0000000084100000|
|  42|0x0000000084200000, 0x0000000084200000, 0x0000000084300000|  0%| F|  |TS  0|AC  0|TAMS 0x0000000084200000, 0x0000000084200000|
|  43|0x0000000084300000, 0x0000000084300000, 0x0000000084400000|  0%| F|  |TS  0|AC  0|TAMS 0x0000000084300000, 0x0000000084300000|
|  44|0x0000000084400000, 0x0000000084400000, 0x0000000084500000|  0%| F|  |TS  0|AC  0|TAMS 0x0000000084400000, 0x0000000084400000|
|  45|0x0000000084500000, 0x0000000084500000, 0x0000000084600000|  0%| F|  |TS  0|AC  0|TAMS 0x0000000084500000, 0x0000000084500000|
|  46|0x0000000084600000, 0x0000000084600000, 0x0000000084700000|  0%| F|  |TS  0|AC  0|TAMS 0x0000000084600000, 0x0000000084600000|
|  47|0x0000000084700000, 0x0000000084700000, 0x0000000084800000|  0%| F|  |TS  0|AC  0|TAMS 0x0000000084700000, 0x0000000084700000|
|  48|0x0000000084800000, 0x0000000084800000, 0x0000000084900000|  0%| F|  |TS  0|AC  0|TAMS 0x0000000084800000, 0x0000000084800000|
|  49|0x0000000084900000, 0x0000000084900000, 0x0000000084a00000|  0%| F|  |TS  0|AC  0|TAMS 0x0000000084900000, 0x0000000084900000|
|  50|0x0000000084a00000, 0x0000000084a00000, 0x0000000084b00000|  0%| F|  |TS  0|AC  0|TAMS 0x0000000084a00000, 0x0000000084a00000|
|  51|0x0000000084b00000, 0x0000000084b00000, 0x0000000084c00000|  0%| F|  |TS  0|AC  0|TAMS 0x0000000084b00000, 0x0000000084b00000|
|  52|0x0000000084c00000, 0x0000000084c00000, 0x0000000084d00000|  0%| F|  |TS  0|AC  0|TAMS 0x0000000084c00000, 0x0000000084c00000|
|  53|0x0000000084d00000, 0x0000000084d00000, 0x0000000084e00000|  0%| F|  |TS  0|AC  0|TAMS 0x0000000084d00000, 0x0000000084d00000|
|  54|0x0000000084e00000, 0x0000000084e00000, 0x0000000084f00000|  0%| F|  |TS  0|AC  0|TAMS 0x0000000084e00000, 0x0000000084e00000|
|  55|0x0000000084f00000, 0x0000000084f00000, 0x0000000085000000|  0%| F|  |TS  0|AC  0|TAMS 0x0000000084f00000, 0x0000000084f00000|
|  56|0x0000000085000000, 0x0000000085000000, 0x0000000085100000|  0%| F|  |TS  0|AC  0|TAMS 0x0000000085000000, 0x0000000085000000|
|  57|0x0000000085100000, 0x0000000085100000, 0x0000000085200000|  0%| F|  |TS  0|AC  0|TAMS 0x0000000085100000, 0x0000000085100000|
|  58|0x0000000085200000, 0x0000000085200000, 0x0000000085300000|  0%| F|  |TS  0|AC  0|TAMS 0x0000000085200000, 0x0000000085200000|
|  59|0x0000000085300000, 0x0000000085300000, 0x0000000085400000|  0%| F|  |TS  0|AC  0|TAMS 0x0000000085300000, 0x0000000085300000|
|  60|0x0000000085400000, 0x0000000085400000, 0x0000000085500000|  0%| F|  |TS  0|AC  0|TAMS 0x0000000085400000, 0x0000000085400000|
|  61|0x0000000085500000, 0x0000000085500000, 0x0000000085600000|  0%| F|  |TS  0|AC  0|TAMS 0x0000000085500000, 0x0000000085500000|
|  62|0x0000000085600000, 0x0000000085600000, 0x0000000085700000|  0%| F|  |TS  0|AC  0|TAMS 0x0000000085600000, 0x0000000085600000|
|  63|0x0000000085700000, 0x0000000085700000, 0x0000000085800000|  0%| F|  |TS  0|AC  0|TAMS 0x0000000085700000, 0x0000000085700000|
|  64|0x0000000085800000, 0x0000000085800000, 0x0000000085900000|  0%| F|  |TS  0|AC  0|TAMS 0x0000000085800000, 0x0000000085800000|
|  65|0x0000000085900000, 0x0000000085900000, 0x0000000085a00000|  0%| F|  |TS  0|AC  0|TAMS 0x0000000085900000, 0x0000000085900000|
|  66|0x0000000085a00000, 0x0000000085a00000, 0x0000000085b00000|  0%| F|  |TS  0|AC  0|TAMS 0x0000000085a00000, 0x0000000085a00000|
|  67|0x0000000085b00000, 0x0000000085b00000, 0x0000000085c00000|  0%| F|  |TS  0|AC  0|TAMS 0x0000000085b00000, 0x0000000085b00000|
|  68|0x0000000085c00000, 0x0000000085c00000, 0x0000000085d00000|  0%| F|  |TS  0|AC  0|TAMS 0x0000000085c00000, 0x0000000085c00000|
|  69|0x0000000085d00000, 0x0000000085d00000, 0x0000000085e00000|  0%| F|  |TS  0|AC  0|TAMS 0x0000000085d00000, 0x0000000085d00000|
|  70|0x0000000085e00000, 0x0000000085e00000, 0x0000000085f00000|  0%| F|  |TS  0|AC  0|TAMS 0x0000000085e00000, 0x0000000085e00000|
|  71|0x0000000085f00000, 0x0000000085f00000, 0x0000000086000000|  0%| F|  |TS  0|AC  0|TAMS 0x0000000085f00000, 0x0000000085f00000|
|  72|0x0000000086000000, 0x0000000086000000, 0x0000000086100000|  0%| F|  |TS  0|AC  0|TAMS 0x0000000086000000, 0x0000000086000000|
|  73|0x0000000086100000, 0x0000000086100000, 0x0000000086200000|  0%| F|  |TS  0|AC  0|TAMS 0x0000000086100000, 0x0000000086100000|
|  74|0x0000000086200000, 0x0000000086200000, 0x0000000086300000|  0%| F|  |TS  0|AC  0|TAMS 0x0000000086200000, 0x0000000086200000|
|  75|0x0000000086300000, 0x0000000086300000, 0x0000000086400000|  0%| F|  |TS  0|AC  0|TAMS 0x0000000086300000, 0x0000000086300000|
|  76|0x0000000086400000, 0x0000000086400000, 0x0000000086500000|  0%| F|  |TS  0|AC  0|TAMS 0x0000000086400000, 0x0000000086400000|
|  77|0x0000000086500000, 0x0000000086500000, 0x0000000086600000|  0%| F|  |TS  0|AC  0|TAMS 0x0000000086500000, 0x0000000086500000|
|  78|0x0000000086600000, 0x0000000086600000, 0x0000000086700000|  0%| F|  |TS  0|AC  0|TAMS 0x0000000086600000, 0x0000000086600000|
|  79|0x0000000086700000, 0x0000000086700000, 0x0000000086800000|  0%| F|  |TS  0|AC  0|TAMS 0x0000000086700000, 0x0000000086700000|
|  80|0x0000000086800000, 0x0000000086800000, 0x0000000086900000|  0%| F|  |TS  0|AC  0|TAMS 0x0000000086800000, 0x0000000086800000|
|  81|0x0000000086900000, 0x0000000086900000, 0x0000000086a00000|  0%| F|  |TS  0|AC  0|TAMS 0x0000000086900000, 0x0000000086900000|
|  82|0x0000000086a00000, 0x0000000086a00000, 0x0000000086b00000|  0%| F|  |TS  0|AC  0|TAMS 0x0000000086a00000, 0x0000000086a00000|
|  83|0x0000000086b00000, 0x0000000086b00000, 0x0000000086c00000|  0%| F|  |TS  0|AC  0|TAMS 0x0000000086b00000, 0x0000000086b00000|
|  84|0x0000000086c00000, 0x0000000086c00000, 0x0000000086d00000|  0%| F|  |TS  0|AC  0|TAMS 0x0000000086c00000, 0x0000000086c00000|
|  85|0x0000000086d00000, 0x0000000086d00000, 0x0000000086e00000|  0%| F|  |TS  0|AC  0|TAMS 0x0000000086d00000, 0x0000000086d00000|
|  86|0x0000000086e00000, 0x0000000086e00000, 0x0000000086f00000|  0%| F|  |TS  0|AC  0|TAMS 0x0000000086e00000, 0x0000000086e00000|
|  87|0x0000000086f00000, 0x0000000086f00000, 0x0000000087000000|  0%| F|  |TS  0|AC  0|TAMS 0x0000000086f00000, 0x0000000086f00000|
|  88|0x0000000087000000, 0x0000000087000000, 0x0000000087100000|  0%| F|  |TS  0|AC  0|TAMS 0x0000000087000000, 0x0000000087000000|
|  89|0x0000000087100000, 0x0000000087100000, 0x0000000087200000|  0%| F|  |TS  0|AC  0|TAMS 0x0000000087100000, 0x0000000087100000|
|  90|0x0000000087200000, 0x0000000087200000, 0x0000000087300000|  0%| F|  |TS  0|AC  0|TAMS 0x0000000087200000, 0x0000000087200000|
|  91|0x0000000087300000, 0x0000000087300000, 0x0000000087400000|  0%| F|  |TS  0|AC  0|TAMS 0x0000000087300000, 0x0000000087300000|
|  92|0x0000000087400000, 0x0000000087400000, 0x0000000087500000|  0%| F|  |TS  0|AC  0|TAMS 0x0000000087400000, 0x0000000087400000|
|  93|0x0000000087500000, 0x0000000087500000, 0x0000000087600000|  0%| F|  |TS  0|AC  0|TAMS 0x0000000087500000, 0x0000000087500000|
|  94|0x0000000087600000, 0x0000000087600000, 0x0000000087700000|  0%| F|  |TS  0|AC  0|TAMS 0x0000000087600000, 0x0000000087600000|
|  95|0x0000000087700000, 0x0000000087700000, 0x0000000087800000|  0%| F|  |TS  0|AC  0|TAMS 0x0000000087700000, 0x0000000087700000|
|  96|0x0000000087800000, 0x0000000087800000, 0x0000000087900000|  0%| F|  |TS  0|AC  0|TAMS 0x0000000087800000, 0x0000000087800000|
|  97|0x0000000087900000, 0x0000000087900000, 0x0000000087a00000|  0%| F|  |TS  0|AC  0|TAMS 0x0000000087900000, 0x0000000087900000|
|  98|0x0000000087a00000, 0x0000000087a00000, 0x0000000087b00000|  0%| F|  |TS  0|AC  0|TAMS 0x0000000087a00000, 0x0000000087a00000|
|  99|0x0000000087b00000, 0x0000000087b00000, 0x0000000087c00000|  0%| F|  |TS  0|AC  0|TAMS 0x0000000087b00000, 0x0000000087b00000|
| 100|0x0000000087c00000, 0x0000000087c00000, 0x0000000087d00000|  0%| F|  |TS  0|AC  0|TAMS 0x0000000087c00000, 0x0000000087c00000|
| 101|0x0000000087d00000, 0x0000000087d00000, 0x0000000087e00000|  0%| F|  |TS  0|AC  0|TAMS 0x0000000087d00000, 0x0000000087d00000|
| 102|0x0000000087e00000, 0x0000000087e00000, 0x0000000087f00000|  0%| F|  |TS  0|AC  0|TAMS 0x0000000087e00000, 0x0000000087e00000|
| 103|0x0000000087f00000, 0x0000000087f00000, 0x0000000088000000|  0%| F|  |TS  0|AC  0|TAMS 0x0000000087f00000, 0x0000000087f00000|
| 104|0x0000000088000000, 0x0000000088000000, 0x0000000088100000|  0%| F|  |TS  0|AC  0|TAMS 0x0000000088000000, 0x0000000088000000|
| 105|0x0000000088100000, 0x0000000088100000, 0x0000000088200000|  0%| F|  |TS  0|AC  0|TAMS 0x0000000088100000, 0x0000000088100000|
| 106|0x0000000088200000, 0x0000000088200000, 0x0000000088300000|  0%| F|  |TS  0|AC  0|TAMS 0x0000000088200000, 0x0000000088200000|
| 107|0x0000000088300000, 0x0000000088300000, 0x0000000088400000|  0%| F|  |TS  0|AC  0|TAMS 0x0000000088300000, 0x0000000088300000|
| 108|0x0000000088400000, 0x0000000088400000, 0x0000000088500000|  0%| F|  |TS  0|AC  0|TAMS 0x0000000088400000, 0x0000000088400000|
| 109|0x0000000088500000, 0x0000000088500000, 0x0000000088600000|  0%| F|  |TS  0|AC  0|TAMS 0x0000000088500000, 0x0000000088500000|
| 110|0x0000000088600000, 0x0000000088600000, 0x0000000088700000|  0%| F|  |TS  0|AC  0|TAMS 0x0000000088600000, 0x0000000088600000|
| 111|0x0000000088700000, 0x0000000088700000, 0x0000000088800000|  0%| F|  |TS  0|AC  0|TAMS 0x0000000088700000, 0x0000000088700000|
| 112|0x0000000088800000, 0x0000000088800000, 0x0000000088900000|  0%| F|  |TS  0|AC  0|TAMS 0x0000000088800000, 0x0000000088800000|
| 113|0x0000000088900000, 0x0000000088900000, 0x0000000088a00000|  0%| F|  |TS  0|AC  0|TAMS 0x0000000088900000, 0x0000000088900000|
| 114|0x0000000088a00000, 0x0000000088a00000, 0x0000000088b00000|  0%| F|  |TS  0|AC  0|TAMS 0x0000000088a00000, 0x0000000088a00000|
| 115|0x0000000088b00000, 0x0000000088b00000, 0x0000000088c00000|  0%| F|  |TS  0|AC  0|TAMS 0x0000000088b00000, 0x0000000088b00000|
| 116|0x0000000088c00000, 0x0000000088c00000, 0x0000000088d00000|  0%| F|  |TS  0|AC  0|TAMS 0x0000000088c00000, 0x0000000088c00000|
| 117|0x0000000088d00000, 0x0000000088d7b638, 0x0000000088e00000| 48%| E|  |TS  0|AC  0|TAMS 0x0000000088d00000, 0x0000000088d00000|
| 118|0x0000000088e00000, 0x0000000088f00000, 0x0000000088f00000|100%| E|CS|TS  0|AC  0|TAMS 0x0000000088e00000, 0x0000000088e00000|
| 119|0x0000000088f00000, 0x0000000089000000, 0x0000000089000000|100%| E|CS|TS  0|AC  0|TAMS 0x0000000088f00000, 0x0000000088f00000|
| 120|0x0000000089000000, 0x0000000089100000, 0x0000000089100000|100%| E|CS|TS  0|AC  0|TAMS 0x0000000089000000, 0x0000000089000000|
| 121|0x0000000089100000, 0x0000000089200000, 0x0000000089200000|100%| E|CS|TS  0|AC  0|TAMS 0x0000000089100000, 0x0000000089100000|
| 122|0x0000000089200000, 0x0000000089300000, 0x0000000089300000|100%| E|CS|TS  0|AC  0|TAMS 0x0000000089200000, 0x0000000089200000|
| 123|0x0000000089300000, 0x0000000089400000, 0x0000000089400000|100%| E|CS|TS  0|AC  0|TAMS 0x0000000089300000, 0x0000000089300000|
| 124|0x0000000089400000, 0x0000000089500000, 0x0000000089500000|100%| E|CS|TS  0|AC  0|TAMS 0x0000000089400000, 0x0000000089400000|
| 125|0x0000000089500000, 0x0000000089600000, 0x0000000089600000|100%| E|CS|TS  0|AC  0|TAMS 0x0000000089500000, 0x0000000089500000|
| 126|0x0000000089600000, 0x0000000089700000, 0x0000000089700000|100%| E|CS|TS  0|AC  0|TAMS 0x0000000089600000, 0x0000000089600000|
| 127|0x0000000089700000, 0x0000000089800000, 0x0000000089800000|100%| E|CS|TS  0|AC  0|TAMS 0x0000000089700000, 0x0000000089700000|

Card table byte_map: [0x0000020fc87c0000,0x0000020fc8bc0000] byte_map_base: 0x0000020fc83b4000

Marking Bits (Prev, Next): (CMBitMap*) 0x0000020fadda3010, (CMBitMap*) 0x0000020fadda3048
 Prev Bits: [0x0000020fc8fc0000, 0x0000020fcaf60000)
 Next Bits: [0x0000020fcaf60000, 0x0000020fccf00000)

Polling page: 0x0000020fabad0000

CodeHeap 'non-profiled nmethods': size=120000Kb used=107Kb max_used=107Kb free=119892Kb
 bounds [0x0000020fc0b60000, 0x0000020fc0dd0000, 0x0000020fc8090000]
CodeHeap 'profiled nmethods': size=120000Kb used=411Kb max_used=411Kb free=119588Kb
 bounds [0x0000020fb9630000, 0x0000020fb98a0000, 0x0000020fc0b60000]
CodeHeap 'non-nmethods': size=5760Kb used=1149Kb max_used=1149Kb free=4610Kb
 bounds [0x0000020fb9090000, 0x0000020fb9300000, 0x0000020fb9630000]
 total_blobs=772 nmethods=335 adapters=284
 compilation: enabled

Compilation events (10 events):
Event: 0.927 Thread 0x0000020fcf97d800  305       4       java.lang.StringLatin1::charAt (28 bytes)
Event: 0.929 Thread 0x0000020fd02c4000  306       3       java.lang.StringLatin1::lastIndexOf (40 bytes)
Event: 0.930 Thread 0x0000020fd02c4000 nmethod 306 0x0000020fb9695890 code [0x0000020fb9695a60, 0x0000020fb9695e58]
Event: 0.930 Thread 0x0000020fcf97d800 nmethod 305 0x0000020fc0b77310 code [0x0000020fc0b774a0, 0x0000020fc0b77578]
Event: 0.931 Thread 0x0000020fd02c4000  307       3       java.lang.invoke.LambdaForm::forceInterpretation (14 bytes)
Event: 0.932 Thread 0x0000020fd02c4000 nmethod 307 0x0000020fb9695f90 code [0x0000020fb9696140, 0x0000020fb96962f8]
Event: 0.932 Thread 0x0000020fd02c4000  308       1       java.lang.invoke.MethodTypeForm::basicType (5 bytes)
Event: 0.932 Thread 0x0000020fd02c4000 nmethod 308 0x0000020fc0b77690 code [0x0000020fc0b77840, 0x0000020fc0b77958]
Event: 5.039 Thread 0x0000020fd02c4000  309       3       java.lang.String::substring (58 bytes)
Event: 5.041 Thread 0x0000020fd02c4000 nmethod 309 0x0000020fb9696390 code [0x0000020fb96965c0, 0x0000020fb9696cd0]

GC Heap History (0 events):
No events

Deoptimization events (1 events):
Event: 0.473 Thread 0x0000020fadd03000 Uncommon trap: reason=unstable_if action=reinterpret pc=0x0000020fc0b643a8 method=java.lang.String.hashCode()I @ 14 c2

Classes redefined (3 events):
Event: 195.546 Thread 0x0000020fcf958800 redefined class name=model.GameEngineImpl, count=1
Event: 728.628 Thread 0x0000020fcf958800 redefined class name=client.MyTestClient, count=1
Event: 728.630 Thread 0x0000020fcf958800 redefined class name=model.GameEngineImpl, count=2

Internal exceptions (3 events):
Event: 6.842 Thread 0x0000020fadd03000 Exception <a 'java/lang/NoSuchMethodError'{0x00000000895e93d8}: method resolution failed> (0x00000000895e93d8) thrown at [t:/workspace/open/src/hotspot/share/prims/methodHandles.cpp, line 1226]
Event: 6.886 Thread 0x0000020fadd03000 Exception <a 'java/lang/NoSuchMethodError'{0x00000000895faa00}: java.lang.Object.lambda$union$2(Ljava/util/regex/Pattern$CharPredicate;I)Z> (0x00000000895faa00) thrown at [t:/workspace/open/src/hotspot/share/interpreter/linkResolver.cpp, line 741]
Event: 14.127 Thread 0x0000020fadd03000 Exception <a 'java/lang/ClassNotFoundException'{0x0000000088e52b68}: sun/util/logging/resources/spi/loggingProvider> (0x0000000088e52b68) thrown at [t:/workspace/open/src/hotspot/share/classfile/systemDictionary.cpp, line 233]

Events (10 events):
Event: 751.208 Executing VM operation: GetFrameLocation
Event: 751.208 Executing VM operation: GetFrameLocation done
Event: 751.208 Executing VM operation: GetOrSetLocal
Event: 751.208 Executing VM operation: GetOrSetLocal done
Event: 751.300 Executing VM operation: GetFrameCount
Event: 751.300 Executing VM operation: GetFrameCount done
Event: 751.301 Executing VM operation: GetOwnedMonitorInfo
Event: 751.301 Executing VM operation: GetOwnedMonitorInfo done
Event: 751.302 Executing VM operation: GetCurrentContendedMonitor
Event: 751.302 Executing VM operation: GetCurrentContendedMonitor done


Dynamic libraries:
0x00007ff7e1780000 - 0x00007ff7e17be000 	C:\Program Files\Java\jdk-10.0.1\bin\javaw.exe
0x00007ffa305b0000 - 0x00007ffa30791000 	C:\WINDOWS\SYSTEM32\ntdll.dll
0x00007ffa2fa90000 - 0x00007ffa2fb42000 	C:\WINDOWS\System32\KERNEL32.DLL
0x00007ffa2cc30000 - 0x00007ffa2cea3000 	C:\WINDOWS\System32\KERNELBASE.dll
0x00007ffa2f780000 - 0x00007ffa2f821000 	C:\WINDOWS\System32\ADVAPI32.dll
0x00007ffa2fec0000 - 0x00007ffa2ff5e000 	C:\WINDOWS\System32\msvcrt.dll
0x00007ffa300c0000 - 0x00007ffa3011b000 	C:\WINDOWS\System32\sechost.dll
0x00007ffa2da40000 - 0x00007ffa2db64000 	C:\WINDOWS\System32\RPCRT4.dll
0x00007ffa2f3a0000 - 0x00007ffa2f530000 	C:\WINDOWS\System32\USER32.dll
0x00007ffa2da20000 - 0x00007ffa2da40000 	C:\WINDOWS\System32\win32u.dll
0x00007ffa2fa00000 - 0x00007ffa2fa28000 	C:\WINDOWS\System32\GDI32.dll
0x00007ffa2cf30000 - 0x00007ffa2d0c2000 	C:\WINDOWS\System32\gdi32full.dll
0x00007ffa2cb90000 - 0x00007ffa2cc2f000 	C:\WINDOWS\System32\msvcp_win.dll
0x00007ffa2ca30000 - 0x00007ffa2cb2a000 	C:\WINDOWS\System32\ucrtbase.dll
0x00007ffa1dc70000 - 0x00007ffa1dc7a000 	C:\WINDOWS\SYSTEM32\VERSION.dll
0x00007ffa18b90000 - 0x00007ffa18df9000 	C:\WINDOWS\WinSxS\amd64_microsoft.windows.common-controls_6595b64144ccf1df_6.0.17134.228_none_fb4599993062b194\COMCTL32.dll
0x00007ffa2efe0000 - 0x00007ffa2f303000 	C:\WINDOWS\System32\combase.dll
0x00007ffa2ceb0000 - 0x00007ffa2cf2a000 	C:\WINDOWS\System32\bcryptPrimitives.dll
0x00007ffa2db70000 - 0x00007ffa2db9d000 	C:\WINDOWS\System32\IMM32.DLL
0x00007ffa002c0000 - 0x00007ffa003af000 	C:\Program Files\Java\jdk-10.0.1\bin\msvcr120.dll
0x00007ffa00210000 - 0x00007ffa002b6000 	C:\Program Files\Java\jdk-10.0.1\bin\msvcp120.dll
0x0000000055be0000 - 0x0000000056650000 	C:\Program Files\Java\jdk-10.0.1\bin\server\jvm.dll
0x00007ffa30120000 - 0x00007ffa30128000 	C:\WINDOWS\System32\PSAPI.DLL
0x00007ffa18650000 - 0x00007ffa18659000 	C:\WINDOWS\SYSTEM32\WSOCK32.dll
0x00007ffa2a630000 - 0x00007ffa2a653000 	C:\WINDOWS\SYSTEM32\WINMM.dll
0x00007ffa2f330000 - 0x00007ffa2f39c000 	C:\WINDOWS\System32\WS2_32.dll
0x00007ffa2a1e0000 - 0x00007ffa2a20a000 	C:\WINDOWS\SYSTEM32\winmmbase.dll
0x00007ffa2d7e0000 - 0x00007ffa2d829000 	C:\WINDOWS\System32\cfgmgr32.dll
0x00007ffa28ed0000 - 0x00007ffa28edf000 	C:\Program Files\Java\jdk-10.0.1\bin\verify.dll
0x00007ffa2c410000 - 0x00007ffa2c5d9000 	C:\WINDOWS\SYSTEM32\DBGHELP.DLL
0x00007ffa2c1b0000 - 0x00007ffa2c1d9000 	C:\WINDOWS\SYSTEM32\dbgcore.DLL
0x00007ffa09af0000 - 0x00007ffa09b17000 	C:\Program Files\Java\jdk-10.0.1\bin\java.dll
0x00007ffa036c0000 - 0x00007ffa036f6000 	C:\Program Files\Java\jdk-10.0.1\bin\jdwp.dll
0x00007ffa0fdc0000 - 0x00007ffa0fdd6000 	C:\Program Files\Java\jdk-10.0.1\bin\zip.dll
0x00007ffa19030000 - 0x00007ffa1903a000 	C:\Program Files\Java\jdk-10.0.1\bin\jimage.dll
0x00007ffa2dba0000 - 0x00007ffa2efe0000 	C:\WINDOWS\System32\SHELL32.dll
0x00007ffa2f530000 - 0x00007ffa2f5d9000 	C:\WINDOWS\System32\shcore.dll
0x00007ffa2d0d0000 - 0x00007ffa2d7dd000 	C:\WINDOWS\System32\windows.storage.dll
0x00007ffa2fa30000 - 0x00007ffa2fa81000 	C:\WINDOWS\System32\shlwapi.dll
0x00007ffa2c8c0000 - 0x00007ffa2c8d1000 	C:\WINDOWS\System32\kernel.appcore.dll
0x00007ffa2c8e0000 - 0x00007ffa2c8ff000 	C:\WINDOWS\System32\profapi.dll
0x00007ffa2c930000 - 0x00007ffa2c97c000 	C:\WINDOWS\System32\powrprof.dll
0x00007ffa2c900000 - 0x00007ffa2c90a000 	C:\WINDOWS\System32\FLTLIB.DLL
0x00007ffa18470000 - 0x00007ffa1847a000 	C:\Program Files\Java\jdk-10.0.1\bin\dt_socket.dll
0x00007ffa2bd80000 - 0x00007ffa2bde6000 	C:\WINDOWS\System32\mswsock.dll
0x00007ffa2bb40000 - 0x00007ffa2bbfe000 	C:\WINDOWS\SYSTEM32\DNSAPI.dll
0x00007ffa2f320000 - 0x00007ffa2f328000 	C:\WINDOWS\System32\NSI.dll
0x00007ffa2bb00000 - 0x00007ffa2bb38000 	C:\WINDOWS\SYSTEM32\IPHLPAPI.DLL
0x0000000057580000 - 0x00000000575b5000 	c:\Program Files\Bonjour\mdnsNSP.dll
0x00007ffa1fb70000 - 0x00007ffa1fbe2000 	C:\WINDOWS\System32\fwpuclnt.dll
0x00007ffa2c1e0000 - 0x00007ffa2c205000 	C:\WINDOWS\SYSTEM32\bcrypt.dll
0x00007ffa1f530000 - 0x00007ffa1f53a000 	C:\Windows\System32\rasadhlp.dll
0x00007ffa0f9b0000 - 0x00007ffa0f9ca000 	C:\Program Files\Java\jdk-10.0.1\bin\net.dll
0x00007ffa25760000 - 0x00007ffa2583c000 	C:\WINDOWS\SYSTEM32\WINHTTP.dll
0x00007ffa0a760000 - 0x00007ffa0a771000 	C:\Program Files\Java\jdk-10.0.1\bin\nio.dll

dbghelp: loaded successfully - version: 4.0.5 - missing functions: none
symbol engine: initialized successfully - sym options: 0x614 - pdb path: .;C:\Program Files\Java\jdk-10.0.1\bin;C:\WINDOWS\SYSTEM32;C:\WINDOWS\WinSxS\amd64_microsoft.windows.common-controls_6595b64144ccf1df_6.0.17134.228_none_fb4599993062b194;C:\Program Files\Java\jdk-10.0.1\bin\server;c:\Program Files\Bonjour

VM Arguments:
jvm_args: -agentlib:jdwp=transport=dt_socket,suspend=y,address=localhost:59324 -Dfile.encoding=Cp1252 
java_command: client.MyTestClient
java_class_path (initial): C:\Users\Duy Linh Nguyen\Documents\School\Semester 2 2018\COSC2391 - Software Arch Design & Implem\A1\CardGame.zip_expanded\CardGame\bin;C:\Users\Duy Linh Nguyen\.p2\pool\plugins\org.junit_4.12.0.v201504281640\junit.jar;C:\Users\Duy Linh Nguyen\.p2\pool\plugins\org.hamcrest.core_1.3.0.v201303031735.jar;C:\Users\Duy Linh Nguyen\Documents\School\Semester 2 2018\COSC2391 - Software Arch Design & Implem\A1\CardGame.zip_expanded\CardGame\lib\Validator.jar
Launcher Type: SUN_STANDARD

Logging:
Log output configuration:
#0: stdout all=warning uptime,level,tags
#1: stderr all=off uptime,level,tags

Environment Variables:
PATH=C:\Program Files (x86)\Intel\Intel(R) Management Engine Components\iCLS\;C:\Program Files\Intel\Intel(R) Management Engine Components\iCLS\;C:\Program Files (x86)\Common Files\Oracle\Java\javapath;C:\WINDOWS\system32;C:\WINDOWS;C:\WINDOWS\System32\Wbem;C:\WINDOWS\System32\WindowsPowerShell\v1.0\;C:\Program Files\Git\cmd;C:\Program Files (x86)\Intel\Intel(R) Management Engine Components\DAL;C:\Program Files\Intel\Intel(R) Management Engine Components\DAL;C:\Program Files (x86)\Intel\Intel(R) Management Engine Components\IPT;C:\Program Files\Intel\Intel(R) Management Engine Components\IPT;C:\WINDOWS\System32\OpenSSH\;C:\Program Files (x86)\Gpg4win\..\GnuPG\bin;C:\metasploit-framework\bin\;C:\Users\Duy Linh Nguyen\AppData\Local\Microsoft\WindowsApps;C:\Users\Duy Linh Nguyen\AppData\Local\atom\bin;%USERPROFILE%\AppData\Local\Microsoft\WindowsApps;
USERNAME=Duy Linh Nguyen
OS=Windows_NT
PROCESSOR_IDENTIFIER=Intel64 Family 6 Model 142 Stepping 10, GenuineIntel



---------------  S Y S T E M  ---------------

OS: Windows 10 , 64 bit Build 17134 (10.0.17134.1)

CPU:total 8 (initial active 8) (4 cores per cpu, 2 threads per core) family 6 model 142 stepping 10, cmov, cx8, fxsr, mmx, sse, sse2, sse3, ssse3, sse4.1, sse4.2, popcnt, avx, avx2, aes, clmul, erms, 3dnowpref, lzcnt, ht, tsc, tscinvbit, bmi1, bmi2, adx, fma

Memory: 4k page, physical 8282800k(2676856k free), swap 11821744k(1455824k free)

vm_info: Java HotSpot(TM) 64-Bit Server VM (10.0.1+10) for windows-amd64 JRE (10.0.1+10), built on Mar 27 2018 02:27:48 by "mach5one" with MS VC++ 12.0 (VS2013)

END.
